*** Starting uWSGI 2.0.18 (64bit) on [Sun Dec  8 19:28:57 2019] ***
compiled with version: 4.8.5 20150623 (Red Hat 4.8.5-39) on 08 December 2019 06:22:42
os: Linux-3.10.0-1062.7.1.el7.x86_64 #1 SMP Mon Dec 2 17:33:29 UTC 2019
nodename: iz8vbfcy2kfh1v2ax6demzz
machine: x86_64
clock source: unix
pcre jit disabled
detected number of CPU cores: 1
current working directory: /Django_web
writing pidfile to /Djang_web/log/website_uwsgi.pid
open("/Djang_web/log/website_uwsgi.pid"): No such file or directory [core/utils.c line 3616]
*** Starting uWSGI 2.0.18 (64bit) on [Sun Dec  8 19:30:43 2019] ***
compiled with version: 4.8.5 20150623 (Red Hat 4.8.5-39) on 08 December 2019 06:22:42
os: Linux-3.10.0-1062.7.1.el7.x86_64 #1 SMP Mon Dec 2 17:33:29 UTC 2019
nodename: iz8vbfcy2kfh1v2ax6demzz
machine: x86_64
clock source: unix
pcre jit disabled
detected number of CPU cores: 1
current working directory: /Django_web
writing pidfile to /Djang_web/log/website_uwsgi.pid
open("/Djang_web/log/website_uwsgi.pid"): No such file or directory [core/utils.c line 3616]
*** Starting uWSGI 2.0.18 (64bit) on [Sun Dec  8 19:33:12 2019] ***
compiled with version: 4.8.5 20150623 (Red Hat 4.8.5-39) on 08 December 2019 06:22:42
os: Linux-3.10.0-1062.7.1.el7.x86_64 #1 SMP Mon Dec 2 17:33:29 UTC 2019
nodename: iz8vbfcy2kfh1v2ax6demzz
machine: x86_64
clock source: unix
pcre jit disabled
detected number of CPU cores: 1
current working directory: /Django_web
writing pidfile to /Djang_web/log/website_uwsgi.pid
open("/Djang_web/log/website_uwsgi.pid"): No such file or directory [core/utils.c line 3616]
*** Starting uWSGI 2.0.18 (64bit) on [Sun Dec  8 19:33:23 2019] ***
compiled with version: 4.8.5 20150623 (Red Hat 4.8.5-39) on 08 December 2019 06:22:42
os: Linux-3.10.0-1062.7.1.el7.x86_64 #1 SMP Mon Dec 2 17:33:29 UTC 2019
nodename: iz8vbfcy2kfh1v2ax6demzz
machine: x86_64
clock source: unix
pcre jit disabled
detected number of CPU cores: 1
current working directory: /Django_web
writing pidfile to /Djang_web/log/website_uwsgi.pid
open("/Djang_web/log/website_uwsgi.pid"): No such file or directory [core/utils.c line 3616]
*** Starting uWSGI 2.0.18 (64bit) on [Sun Dec  8 19:35:20 2019] ***
compiled with version: 4.8.5 20150623 (Red Hat 4.8.5-39) on 08 December 2019 06:22:42
os: Linux-3.10.0-1062.7.1.el7.x86_64 #1 SMP Mon Dec 2 17:33:29 UTC 2019
nodename: iz8vbfcy2kfh1v2ax6demzz
machine: x86_64
clock source: unix
pcre jit disabled
detected number of CPU cores: 1
current working directory: /Django_web
writing pidfile to /Djang_web/log/website_uwsgi.pid
open("/Djang_web/log/website_uwsgi.pid"): No such file or directory [core/utils.c line 3616]
*** Starting uWSGI 2.0.18 (64bit) on [Sun Dec  8 19:36:04 2019] ***
compiled with version: 4.8.5 20150623 (Red Hat 4.8.5-39) on 08 December 2019 06:22:42
os: Linux-3.10.0-1062.7.1.el7.x86_64 #1 SMP Mon Dec 2 17:33:29 UTC 2019
nodename: iz8vbfcy2kfh1v2ax6demzz
machine: x86_64
clock source: unix
pcre jit disabled
detected number of CPU cores: 1
current working directory: /Django_web
writing pidfile to /Djang_web/log/website_uwsgi.pid
open("/Djang_web/log/website_uwsgi.pid"): No such file or directory [core/utils.c line 3616]
*** Starting uWSGI 2.0.18 (64bit) on [Sun Dec  8 19:37:07 2019] ***
compiled with version: 4.8.5 20150623 (Red Hat 4.8.5-39) on 08 December 2019 06:22:42
os: Linux-3.10.0-1062.7.1.el7.x86_64 #1 SMP Mon Dec 2 17:33:29 UTC 2019
nodename: iz8vbfcy2kfh1v2ax6demzz
machine: x86_64
clock source: unix
pcre jit disabled
detected number of CPU cores: 1
current working directory: /Django_web
writing pidfile to /Djang_web/log/website_uwsgi.pid
open("/Djang_web/log/website_uwsgi.pid"): No such file or directory [core/utils.c line 3616]
*** Starting uWSGI 2.0.18 (64bit) on [Sun Dec  8 19:40:45 2019] ***
compiled with version: 4.8.5 20150623 (Red Hat 4.8.5-39) on 08 December 2019 06:22:42
os: Linux-3.10.0-1062.7.1.el7.x86_64 #1 SMP Mon Dec 2 17:33:29 UTC 2019
nodename: iz8vbfcy2kfh1v2ax6demzz
machine: x86_64
clock source: unix
pcre jit disabled
detected number of CPU cores: 1
current working directory: /Django_web
writing pidfile to /Djang_web/log/website_uwsgi.pid
open("/Djang_web/log/website_uwsgi.pid"): No such file or directory [core/utils.c line 3616]
*** Starting uWSGI 2.0.18 (64bit) on [Sun Dec  8 19:43:01 2019] ***
compiled with version: 4.8.5 20150623 (Red Hat 4.8.5-39) on 08 December 2019 06:22:42
os: Linux-3.10.0-1062.7.1.el7.x86_64 #1 SMP Mon Dec 2 17:33:29 UTC 2019
nodename: iz8vbfcy2kfh1v2ax6demzz
machine: x86_64
clock source: unix
pcre jit disabled
detected number of CPU cores: 1
current working directory: /Django_web
writing pidfile to /Djang_web/log/website_uwsgi.pid
open("/Djang_web/log/website_uwsgi.pid"): No such file or directory [core/utils.c line 3616]
*** Starting uWSGI 2.0.18 (64bit) on [Sun Dec  8 19:48:26 2019] ***
compiled with version: 4.8.5 20150623 (Red Hat 4.8.5-39) on 08 December 2019 06:22:42
os: Linux-3.10.0-1062.7.1.el7.x86_64 #1 SMP Mon Dec 2 17:33:29 UTC 2019
nodename: iz8vbfcy2kfh1v2ax6demzz
machine: x86_64
clock source: unix
pcre jit disabled
detected number of CPU cores: 1
current working directory: /Django_web
writing pidfile to /Djang_web/log/website_uwsgi.pid
open("/Djang_web/log/website_uwsgi.pid"): No such file or directory [core/utils.c line 3616]
*** Starting uWSGI 2.0.18 (64bit) on [Sun Dec  8 20:08:51 2019] ***
compiled with version: 4.8.5 20150623 (Red Hat 4.8.5-39) on 08 December 2019 06:22:42
os: Linux-3.10.0-1062.7.1.el7.x86_64 #1 SMP Mon Dec 2 17:33:29 UTC 2019
nodename: iz8vbfcy2kfh1v2ax6demzz
machine: x86_64
clock source: unix
pcre jit disabled
detected number of CPU cores: 1
current working directory: /Django_web
writing pidfile to /Djang_web/log/website_uwsgi.pid
open("/Djang_web/log/website_uwsgi.pid"): No such file or directory [core/utils.c line 3616]
*** Starting uWSGI 2.0.18 (64bit) on [Sun Dec  8 20:13:27 2019] ***
compiled with version: 4.8.5 20150623 (Red Hat 4.8.5-39) on 08 December 2019 06:22:42
os: Linux-3.10.0-1062.7.1.el7.x86_64 #1 SMP Mon Dec 2 17:33:29 UTC 2019
nodename: iz8vbfcy2kfh1v2ax6demzz
machine: x86_64
clock source: unix
pcre jit disabled
detected number of CPU cores: 1
current working directory: /Django_web
writing pidfile to /Djang_web/log/website_uwsgi.pid
open("/Djang_web/log/website_uwsgi.pid"): No such file or directory [core/utils.c line 3616]
*** Starting uWSGI 2.0.18 (64bit) on [Sun Dec  8 20:27:26 2019] ***
compiled with version: 4.8.5 20150623 (Red Hat 4.8.5-39) on 08 December 2019 06:22:42
os: Linux-3.10.0-1062.7.1.el7.x86_64 #1 SMP Mon Dec 2 17:33:29 UTC 2019
nodename: iz8vbfcy2kfh1v2ax6demzz
machine: x86_64
clock source: unix
pcre jit disabled
detected number of CPU cores: 1
current working directory: /Django_web
writing pidfile to /Djang_web/log/website_uwsgi.pid
open("/Djang_web/log/website_uwsgi.pid"): No such file or directory [core/utils.c line 3616]
*** Starting uWSGI 2.0.18 (64bit) on [Sun Dec  8 20:27:38 2019] ***
compiled with version: 4.8.5 20150623 (Red Hat 4.8.5-39) on 08 December 2019 06:22:42
os: Linux-3.10.0-1062.7.1.el7.x86_64 #1 SMP Mon Dec 2 17:33:29 UTC 2019
nodename: iz8vbfcy2kfh1v2ax6demzz
machine: x86_64
clock source: unix
pcre jit disabled
detected number of CPU cores: 1
current working directory: /Django_web
writing pidfile to /Djang_web/log/website_uwsgi.pid
open("/Djang_web/log/website_uwsgi.pid"): No such file or directory [core/utils.c line 3616]
*** Starting uWSGI 2.0.18 (64bit) on [Sun Dec  8 20:33:17 2019] ***
compiled with version: 4.8.5 20150623 (Red Hat 4.8.5-39) on 08 December 2019 06:22:42
os: Linux-3.10.0-1062.7.1.el7.x86_64 #1 SMP Mon Dec 2 17:33:29 UTC 2019
nodename: iz8vbfcy2kfh1v2ax6demzz
machine: x86_64
clock source: unix
pcre jit disabled
detected number of CPU cores: 1
current working directory: /Django_web
writing pidfile to /Djang_web/log/website_uwsgi.pid
open("/Djang_web/log/website_uwsgi.pid"): No such file or directory [core/utils.c line 3616]
