2019-06-20 16:13:13,636 | Spider | INFO  | 设备：[127.0.0.1:62001]正常运行中
2019-06-20 16:13:13,638 | Spider | INFO  | 机场航班信息实时监测系统启动中...
2019-06-20 16:13:28,178 | Spider | INFO  | 监测账号是否登录...
2019-06-20 16:13:31,346 | Spider | INFO  | 账号已登录!
2019-06-20 16:13:31,671 | Spider | INFO  | 开始监控关注机场
2019-06-20 16:13:33,672 | Spider | INFO  | 等待2秒刷新页面，防止频繁访问页面加载问题
2019-06-20 16:13:34,549 | Spider | INFO  | 监控机场数量：关注机场49
2019-06-20 16:13:34,708 | Spider | INFO  | [左旗巴彦浩特]：机场航班信息获取中...
2019-06-20 16:13:37,453 | Spider | INFO  | [左旗巴彦浩特]机场暂无延误航班,出场延误航班数：0
2019-06-20 16:13:38,677 | Spider | INFO  | [温州龙湾]：机场航班信息获取中...
2019-06-20 16:13:46,931 | Spider | INFO  | [温州龙湾]机场出场延误航班数：14
2019-06-20 16:13:46,979 | Spider | INFO  | 机场[温州龙湾]航班号[MU5687]延误时间[+118]
2019-06-20 16:13:47,045 | Spider | INFO  | 机场[温州龙湾]航班号[CA1995]延误时间[+73]
2019-06-20 16:13:47,136 | Spider | INFO  | 机场[温州龙湾]航班号[HU7721]延误时间[+48]
2019-06-20 16:13:47,177 | Spider | INFO  | 机场[温州龙湾]航班号[CA1957]延误时间[+33]
2019-06-20 16:13:47,217 | Spider | INFO  | 机场[温州龙湾]航班号[CZ8012]延误时间[+33]
2019-06-20 16:13:47,258 | Spider | INFO  | 机场[温州龙湾]航班号[GS6664]延误时间[+18]
2019-06-20 16:13:47,302 | Spider | INFO  | 机场[温州龙湾]航班号[GJ6005]延误时间[]
2019-06-20 16:13:47,357 | Spider | INFO  | 机场[温州龙湾]航班号[HU7824]延误时间[]
2019-06-20 16:13:47,406 | Spider | INFO  | 机场[温州龙湾]航班号[CA1959]延误时间[]
2019-06-20 16:13:47,469 | Spider | INFO  | 机场[温州龙湾]航班号[9C6126]延误时间[]
2019-06-20 16:13:47,515 | Spider | INFO  | 机场[温州龙湾]航班号[CA1951]延误时间[]
2019-06-20 16:13:47,569 | Spider | INFO  | 机场[温州龙湾]航班号[TV6026]延误时间[]
2019-06-20 16:13:47,623 | Spider | INFO  | 机场[温州龙湾]航班号[MU5229]延误时间[]
2019-06-20 16:13:47,663 | Spider | INFO  | 机场[温州龙湾]航班号[FM9516]延误时间[]
2019-06-20 16:13:49,520 | Spider | INFO  | [腾冲驼峰]：机场航班信息获取中...
2019-06-20 16:13:51,501 | Spider | INFO  | [腾冲驼峰]机场暂无延误航班,出场延误航班数：0
2019-06-20 16:13:52,857 | Spider | INFO  | [恩施许家坪]：机场航班信息获取中...
2019-06-20 16:13:59,262 | Spider | INFO  | [恩施许家坪]机场出场延误航班数：2
2019-06-20 16:13:59,323 | Spider | INFO  | 机场[恩施许家坪]航班号[JD5721]延误时间[]
2019-06-20 16:13:59,398 | Spider | INFO  | 机场[恩施许家坪]航班号[JD5762]延误时间[]
2019-06-20 16:14:01,689 | Spider | INFO  | [福州长乐]：机场航班信息获取中...
2019-06-20 16:14:08,334 | Spider | INFO  | [福州长乐]机场出场延误航班数：6
2019-06-20 16:14:08,421 | Spider | INFO  | 机场[福州长乐]航班号[MF8287]延误时间[+89]
2019-06-20 16:14:08,468 | Spider | INFO  | 机场[福州长乐]航班号[SC8756]延误时间[+49]
2019-06-20 16:14:08,531 | Spider | INFO  | 机场[福州长乐]航班号[MF822]延误时间[+34]
2019-06-20 16:14:08,602 | Spider | INFO  | 机场[福州长乐]航班号[MF8479]延误时间[+14]
2019-06-20 16:14:08,681 | Spider | INFO  | 机场[福州长乐]航班号[SC4757]延误时间[]
2019-06-20 16:14:08,723 | Spider | INFO  | 机场[福州长乐]航班号[MF8288]延误时间[]
2019-06-20 16:14:10,087 | Spider | INFO  | [遵义茅台]：机场航班信息获取中...
2019-06-20 16:14:15,797 | Spider | INFO  | [遵义茅台]机场出场延误航班数：3
2019-06-20 16:14:15,862 | Spider | INFO  | 机场[遵义茅台]航班号[KY8207]延误时间[+54]
2019-06-20 16:14:16,487 | Spider | INFO  | 机场[遵义茅台]航班号[MF8022]延误时间[]
2019-06-20 16:14:17,454 | Spider | INFO  | 机场[遵义茅台]航班号[HO1243]延误时间[]
2019-06-20 16:14:18,819 | Spider | INFO  | [万州五桥]：机场航班信息获取中...
2019-06-20 16:14:22,287 | Spider | INFO  | [万州五桥]机场暂无延误航班,出场延误航班数：0
2019-06-20 16:14:22,334 | Spider | ERROR | Message: An unknown server-side error occurred while processing the command. Original error: The swipe did not complete successfully

2019-06-20 16:14:22,335 | Spider | ERROR | Message: An unknown server-side error occurred while processing the command. Original error: The swipe did not complete successfully
Traceback (most recent call last):
  File "Login.py", line 233, in run
    self.driver.swipe(500, 1800, 500, 600, 800)
  File "C:\Program Files\Python36\lib\site-packages\appium\webdriver\extensions\action_helpers.py", line 115, in swipe
    action.perform()
  File "C:\Program Files\Python36\lib\site-packages\appium\webdriver\common\touch_action.py", line 103, in perform
    self._driver.execute(Command.TOUCH_ACTION, params)
  File "C:\Program Files\Python36\lib\site-packages\selenium\webdriver\remote\webdriver.py", line 321, in execute
    self.error_handler.check_response(response)
  File "C:\Program Files\Python36\lib\site-packages\appium\webdriver\errorhandler.py", line 29, in check_response
    raise wde
  File "C:\Program Files\Python36\lib\site-packages\appium\webdriver\errorhandler.py", line 24, in check_response
    super(MobileErrorHandler, self).check_response(response)
  File "C:\Program Files\Python36\lib\site-packages\selenium\webdriver\remote\errorhandler.py", line 242, in check_response
    raise exception_class(message, screen, stacktrace)
selenium.common.exceptions.WebDriverException: Message: An unknown server-side error occurred while processing the command. Original error: The swipe did not complete successfully

2019-06-20 16:14:26,292 | Spider | INFO  | [十堰武当山]：机场航班信息获取中...
2019-06-20 16:14:28,403 | Spider | INFO  | [十堰武当山]机场暂无延误航班,出场延误航班数：0
2019-06-20 16:14:29,643 | Spider | INFO  | [兰州中川]：机场航班信息获取中...
2019-06-20 16:14:37,622 | Spider | INFO  | [兰州中川]机场出场延误航班数：19
2019-06-20 16:14:37,839 | Spider | INFO  | 机场[兰州中川]航班号[MU2998]延误时间[+214]
2019-06-20 16:14:41,861 | Spider | INFO  | 航班：[MU2998],[计划起飞 12:40 06/20],实际起飞时间：[16:30],出发地：[兰州中川T2],目的地：[无锡硕放T2],计划到达 15:25 06/20 预计到达：[18:54],延误时间：[+214]
2019-06-20 16:14:41,861 | Spider | INFO  | <font color="green">[兰州中川]机场,[MU2998]航班,[兰州中川T2]出发,目的地[无锡硕放T2],延误时间[+214]</font>
2019-06-20 16:14:45,399 | Spider | INFO  | 机场[兰州中川]航班号[9C8848]延误时间[+199]
2019-06-20 16:14:49,622 | Spider | INFO  | 航班：[9C8848],[计划起飞 12:55 06/20],实际起飞时间：[16:28],出发地：[兰州中川T2],目的地：[上海虹桥T1],计划到达 15:40 06/20 预计到达：[18:51],延误时间：[+199]
2019-06-20 16:14:49,622 | Spider | INFO  | <font color="green">[兰州中川]机场,[9C8848]航班,[兰州中川T2]出发,目的地[上海虹桥T1],延误时间[+199]</font>
2019-06-20 16:14:53,780 | Spider | INFO  | 机场[兰州中川]航班号[MF8204]延误时间[+179]
2019-06-20 16:14:53,876 | Spider | INFO  | 机场[兰州中川]航班号[HU7431]延误时间[+154]
2019-06-20 16:14:53,939 | Spider | INFO  | 机场[兰州中川]航班号[TV6025]延误时间[+119]
2019-06-20 16:14:54,013 | Spider | INFO  | 机场[兰州中川]航班号[FM9222]延误时间[+104]
2019-06-20 16:14:54,078 | Spider | INFO  | 机场[兰州中川]航班号[HO1104]延误时间[+64]
2019-06-20 16:14:54,165 | Spider | INFO  | 机场[兰州中川]航班号[MU9891]延误时间[+39]
2019-06-20 16:14:54,213 | Spider | INFO  | 机场[兰州中川]航班号[TV9897]延误时间[+29]
2019-06-20 16:14:54,266 | Spider | INFO  | 机场[兰州中川]航班号[MF8210]延误时间[]
2019-06-20 16:14:54,400 | Spider | INFO  | 机场[兰州中川]航班号[MU2750]延误时间[]
2019-06-20 16:14:54,463 | Spider | INFO  | 机场[兰州中川]航班号[QW6053]延误时间[]
2019-06-20 16:14:54,547 | Spider | INFO  | 机场[兰州中川]航班号[MU9913]延误时间[]
2019-06-20 16:14:54,605 | Spider | INFO  | 机场[兰州中川]航班号[CZ6618]延误时间[]
2019-06-20 16:14:54,652 | Spider | INFO  | 机场[兰州中川]航班号[GX2011]延误时间[]
2019-06-20 16:14:54,686 | Spider | INFO  | 机场[兰州中川]航班号[CA1996]延误时间[]
2019-06-20 16:14:54,730 | Spider | INFO  | 机场[兰州中川]航班号[9C8528]延误时间[]
2019-06-20 16:14:54,790 | Spider | INFO  | 机场[兰州中川]航班号[TV9898]延误时间[]
2019-06-20 16:14:54,859 | Spider | INFO  | 机场[兰州中川]航班号[TV9830]延误时间[]
2019-06-20 16:14:57,189 | Spider | INFO  | [敦煌]：机场航班信息获取中...
2019-06-20 16:15:04,178 | Spider | INFO  | [敦煌]机场出场延误航班数：1
2019-06-20 16:15:04,632 | Spider | INFO  | 机场[敦煌]航班号[MU2750]延误时间[+150]
2019-06-20 16:15:06,066 | Spider | INFO  | [南宁吴圩]：机场航班信息获取中...
2019-06-20 16:15:15,823 | Spider | INFO  | [南宁吴圩]机场出场延误航班数：11
2019-06-20 16:15:15,897 | Spider | INFO  | 机场[南宁吴圩]航班号[ZH9385]延误时间[+100]
2019-06-20 16:15:15,954 | Spider | INFO  | 机场[南宁吴圩]航班号[JD5508]延误时间[+55]
2019-06-20 16:15:16,003 | Spider | INFO  | 机场[南宁吴圩]航班号[3U8726]延误时间[+50]
2019-06-20 16:15:16,064 | Spider | INFO  | 机场[南宁吴圩]航班号[MU5536]延误时间[+45]
2019-06-20 16:15:16,133 | Spider | INFO  | 机场[南宁吴圩]航班号[ZH9558]延误时间[+35]
2019-06-20 16:15:16,207 | Spider | INFO  | 机场[南宁吴圩]航班号[CA1312]延误时间[+35]
2019-06-20 16:15:16,266 | Spider | INFO  | 机场[南宁吴圩]航班号[GT1064]延误时间[+20]
2019-06-20 16:15:16,316 | Spider | INFO  | 机场[南宁吴圩]航班号[ZH9369]延误时间[+15]
2019-06-20 16:15:16,412 | Spider | INFO  | 机场[南宁吴圩]航班号[ZH8712]延误时间[+5]
2019-06-20 16:15:16,501 | Spider | INFO  | 机场[南宁吴圩]航班号[AQ1119]延误时间[]
2019-06-20 16:15:16,637 | Spider | INFO  | 机场[南宁吴圩]航班号[SC8736]延误时间[]
2019-06-20 16:15:18,722 | Spider | INFO  | [无锡硕放]：机场航班信息获取中...
2019-06-20 16:15:27,262 | Spider | INFO  | [无锡硕放]机场出场延误航班数：20
2019-06-20 16:15:27,370 | Spider | INFO  | 机场[无锡硕放]航班号[E3864]延误时间[+1035]
2019-06-20 16:15:27,438 | Spider | INFO  | 机场[无锡硕放]航班号[3U8950]延误时间[+290]
2019-06-20 16:15:31,145 | Spider | INFO  | 航班：[3U8950],[计划起飞 11:25 06/20],实际起飞时间：[16:30],出发地：[无锡硕放T2],目的地：[重庆江北T2A],计划到达 14:05 06/20 预计到达：[18:38],延误时间：[+290]
2019-06-20 16:15:31,146 | Spider | INFO  | <font color="green">[无锡硕放]机场,[3U8950]航班,[无锡硕放T2]出发,目的地[重庆江北T2A],延误时间[+290]</font>
2019-06-20 16:15:35,807 | Spider | INFO  | 机场[无锡硕放]航班号[ZH9095]延误时间[+205]
2019-06-20 16:15:39,524 | Spider | INFO  | 航班：[ZH9095],[计划起飞 12:50 06/20],实际起飞时间：[16:43],出发地：[无锡硕放T1],目的地：[香港赤鱲角T1],计划到达 15:50 06/20 预计到达：[19:08],延误时间：[+205]
2019-06-20 16:15:39,524 | Spider | INFO  | <font color="green">[无锡硕放]机场,[ZH9095]航班,[无锡硕放T1]出发,目的地[香港赤鱲角T1],延误时间[+205]</font>
2019-06-20 16:15:44,452 | Spider | INFO  | 机场[无锡硕放]航班号[3U8628]延误时间[+200]
2019-06-20 16:15:48,237 | Spider | INFO  | 航班：[3U8628],[计划起飞 12:55 06/20],实际起飞时间：[17:30],出发地：[无锡硕放T2],目的地：[成都双流T1],计划到达 15:55 06/20 预计到达：[19:54],延误时间：[+200]
2019-06-20 16:15:48,237 | Spider | INFO  | <font color="green">[无锡硕放]机场,[3U8628]航班,[无锡硕放T2]出发,目的地[成都双流T1],延误时间[+200]</font>
2019-06-20 16:15:50,546 | Spider | INFO  | 机场[无锡硕放]航班号[A67305]延误时间[+160]
2019-06-20 16:15:50,746 | Spider | INFO  | 机场[无锡硕放]航班号[MU2791]延误时间[+155]
2019-06-20 16:15:50,987 | Spider | INFO  | 机场[无锡硕放]航班号[DZ6217]延误时间[+120]
2019-06-20 16:15:51,621 | Spider | INFO  | 机场[无锡硕放]航班号[MU2917]延误时间[+115]
2019-06-20 16:15:51,830 | Spider | INFO  | 机场[无锡硕放]航班号[ZH9806]延误时间[+115]
2019-06-20 16:15:51,886 | Spider | INFO  | 机场[无锡硕放]航班号[ZH9551]延误时间[+105]
2019-06-20 16:15:52,008 | Spider | INFO  | 机场[无锡硕放]航班号[ZH9549]延误时间[+80]
2019-06-20 16:15:52,074 | Spider | INFO  | 机场[无锡硕放]航班号[ZH9097]延误时间[+55]
2019-06-20 16:15:52,221 | Spider | INFO  | 机场[无锡硕放]航班号[ZH9808]延误时间[+55]
2019-06-20 16:15:52,322 | Spider | INFO  | 机场[无锡硕放]航班号[MU2965]延误时间[+45]
2019-06-20 16:15:52,406 | Spider | INFO  | 机场[无锡硕放]航班号[MU2965]延误时间[+45]
2019-06-20 16:15:52,547 | Spider | INFO  | 机场[无锡硕放]航班号[ZH9826]延误时间[]
2019-06-20 16:15:52,608 | Spider | INFO  | 机场[无锡硕放]航班号[MU2907]延误时间[]
2019-06-20 16:15:52,666 | Spider | INFO  | 机场[无锡硕放]航班号[AQ1071]延误时间[]
2019-06-20 16:15:52,860 | Spider | INFO  | 机场[无锡硕放]航班号[MU2967]延误时间[]
2019-06-20 16:15:52,917 | Spider | INFO  | 机场[无锡硕放]航班号[MU2997]延误时间[]
2019-06-20 16:15:54,020 | Spider | ERROR | Message: An unknown server-side error occurred while processing the command. Original error: The swipe did not complete successfully

2019-06-20 16:15:54,021 | Spider | ERROR | Message: An unknown server-side error occurred while processing the command. Original error: The swipe did not complete successfully
Traceback (most recent call last):
  File "Login.py", line 233, in run
    self.driver.swipe(500, 1800, 500, 600, 800)
  File "C:\Program Files\Python36\lib\site-packages\appium\webdriver\extensions\action_helpers.py", line 115, in swipe
    action.perform()
  File "C:\Program Files\Python36\lib\site-packages\appium\webdriver\common\touch_action.py", line 103, in perform
    self._driver.execute(Command.TOUCH_ACTION, params)
  File "C:\Program Files\Python36\lib\site-packages\selenium\webdriver\remote\webdriver.py", line 321, in execute
    self.error_handler.check_response(response)
  File "C:\Program Files\Python36\lib\site-packages\appium\webdriver\errorhandler.py", line 29, in check_response
    raise wde
  File "C:\Program Files\Python36\lib\site-packages\appium\webdriver\errorhandler.py", line 24, in check_response
    super(MobileErrorHandler, self).check_response(response)
  File "C:\Program Files\Python36\lib\site-packages\selenium\webdriver\remote\errorhandler.py", line 242, in check_response
    raise exception_class(message, screen, stacktrace)
selenium.common.exceptions.WebDriverException: Message: An unknown server-side error occurred while processing the command. Original error: The swipe did not complete successfully

2019-06-20 16:15:58,780 | Spider | INFO  | [台州路桥]：机场航班信息获取中...
2019-06-20 16:16:04,629 | Spider | INFO  | [台州路桥]机场出场延误航班数：1
2019-06-20 16:16:04,675 | Spider | INFO  | 机场[台州路桥]航班号[MU9962]延误时间[+156]
2019-06-20 16:16:07,005 | Spider | INFO  | [重庆江北]：机场航班信息获取中...
2019-06-20 16:16:15,762 | Spider | INFO  | [重庆江北]机场出场延误航班数：16
2019-06-20 16:16:15,842 | Spider | INFO  | 机场[重庆江北]航班号[TV9863]延误时间[+576]
2019-06-20 16:16:19,109 | Spider | INFO  | 航班：[TV9863],[计划起飞 06:40 06/20],实际起飞时间：[16:44],出发地：[重庆江北T3],目的地：[林芝米林],计划到达 09:25 06/20 预计到达：[18:54],延误时间：[+576]
2019-06-20 16:16:19,109 | Spider | INFO  | <font color="green">[重庆江北]机场,[TV9863]航班,[重庆江北T3]出发,目的地[林芝米林],延误时间[+576]</font>
2019-06-20 16:16:19,736 | Spider | INFO  | 机场[重庆江北]航班号[MU2835]延误时间[+286]
2019-06-20 16:16:23,318 | Spider | INFO  | 航班：[MU2835],[计划起飞 11:30 06/20],实际起飞时间：[16:36],出发地：[重庆江北T3],目的地：[南京禄口T2],计划到达 13:35 06/20 预计到达：[18:19],延误时间：[+286]
2019-06-20 16:16:23,318 | Spider | INFO  | <font color="green">[重庆江北]机场,[MU2835]航班,[重庆江北T3]出发,目的地[南京禄口T2],延误时间[+286]</font>
2019-06-20 16:16:26,948 | Spider | INFO  | 机场[重庆江北]航班号[MU2846]延误时间[+246]
2019-06-20 16:16:31,406 | Spider | INFO  | 航班：[MU2846],[计划起飞 12:10 06/20],实际起飞时间：[16:27],出发地：[重庆江北T3],目的地：[南京禄口T2],计划到达 14:20 06/20 预计到达：[18:10],延误时间：[+246]
2019-06-20 16:16:31,406 | Spider | INFO  | <font color="green">[重庆江北]机场,[MU2846]航班,[重庆江北T3]出发,目的地[南京禄口T2],延误时间[+246]</font>
2019-06-20 16:16:35,500 | Spider | INFO  | 机场[重庆江北]航班号[PN6235]延误时间[+206]
2019-06-20 16:16:39,154 | Spider | INFO  | 航班：[PN6235],[计划起飞 12:50 06/20],实际起飞时间：[16:30],出发地：[重庆江北T2B],目的地：[南京禄口T2],计划到达 15:05 06/20 预计到达：[18:12],延误时间：[+206]
2019-06-20 16:16:39,155 | Spider | INFO  | <font color="green">[重庆江北]机场,[PN6235]航班,[重庆江北T2B]出发,目的地[南京禄口T2],延误时间[+206]</font>
2019-06-20 16:16:44,350 | Spider | INFO  | 机场[重庆江北]航班号[CZ8173]延误时间[+126]
2019-06-20 16:16:44,398 | Spider | INFO  | 机场[重庆江北]航班号[3U8543]延误时间[+126]
2019-06-20 16:16:44,460 | Spider | INFO  | 机场[重庆江北]航班号[MU5430]延误时间[+56]
2019-06-20 16:16:44,549 | Spider | INFO  | 机场[重庆江北]航班号[SC4782]延误时间[+41]
2019-06-20 16:16:44,602 | Spider | INFO  | 机场[重庆江北]航班号[3U8126]延误时间[+31]
2019-06-20 16:16:44,657 | Spider | INFO  | 机场[重庆江北]航班号[HO1724]延误时间[+21]
2019-06-20 16:16:44,707 | Spider | INFO  | 机场[重庆江北]航班号[KY8218]延误时间[+6]
2019-06-20 16:16:44,789 | Spider | INFO  | 机场[重庆江北]航班号[G52687]延误时间[]
2019-06-20 16:16:44,852 | Spider | INFO  | 机场[重庆江北]航班号[3U8393]延误时间[]
2019-06-20 16:16:44,934 | Spider | INFO  | 机场[重庆江北]航班号[CZ8137]延误时间[]
2019-06-20 16:16:44,987 | Spider | INFO  | 机场[重庆江北]航班号[MU2738]延误时间[]
2019-06-20 16:16:45,051 | Spider | INFO  | 机场[重庆江北]航班号[SC4731]延误时间[]
2019-06-20 16:16:47,537 | Spider | INFO  | [郑州新郑]：机场航班信息获取中...
2019-06-20 16:17:01,531 | Spider | INFO  | [郑州新郑]机场出场延误航班数：20
2019-06-20 16:17:01,584 | Spider | INFO  | 机场[郑州新郑]航班号[LQ976]延误时间[+567]
2019-06-20 16:17:05,309 | Spider | INFO  | 航班：[LQ976],[计划起飞 06:50 06/20],实际起飞时间：[16:43],出发地：[郑州新郑T2],目的地：[西哈努克Main],计划到达 10:10 06/20 预计到达：[19:46],延误时间：[+567]
2019-06-20 16:17:05,309 | Spider | INFO  | <font color="green">[郑州新郑]机场,[LQ976]航班,[郑州新郑T2]出发,目的地[西哈努克Main],延误时间[+567]</font>
2019-06-20 16:17:08,858 | Spider | INFO  | 机场[郑州新郑]航班号[PN6241]延误时间[]
2019-06-20 16:17:08,956 | Spider | INFO  | 机场[郑州新郑]航班号[FM9296]延误时间[+142]
2019-06-20 16:17:09,168 | Spider | INFO  | 机场[郑州新郑]航班号[A67124]延误时间[+87]
2019-06-20 16:17:09,233 | Spider | INFO  | 机场[郑州新郑]航班号[CZ8827]延误时间[+67]
2019-06-20 16:17:09,294 | Spider | INFO  | 机场[郑州新郑]航班号[SC4755]延误时间[+57]
2019-06-20 16:17:09,399 | Spider | INFO  | 机场[郑州新郑]航班号[DZ6308]延误时间[+47]
2019-06-20 16:17:09,466 | Spider | INFO  | 机场[郑州新郑]航班号[8L9952]延误时间[+42]
2019-06-20 16:17:09,553 | Spider | INFO  | 机场[郑州新郑]航班号[CZ3939]延误时间[+42]
2019-06-20 16:17:09,744 | Spider | INFO  | 机场[郑州新郑]航班号[MF8213]延误时间[+22]
2019-06-20 16:17:09,807 | Spider | INFO  | 机场[郑州新郑]航班号[GS6418]延误时间[+2]
2019-06-20 16:17:09,874 | Spider | INFO  | 机场[郑州新郑]航班号[MU2760]延误时间[]
2019-06-20 16:17:09,955 | Spider | INFO  | 机场[郑州新郑]航班号[MF8251]延误时间[]
2019-06-20 16:17:09,997 | Spider | INFO  | 机场[郑州新郑]航班号[CZ3389]延误时间[]
2019-06-20 16:17:10,034 | Spider | INFO  | 机场[郑州新郑]航班号[DZ6286]延误时间[]
2019-06-20 16:17:10,084 | Spider | INFO  | 机场[郑州新郑]航班号[CA8936]延误时间[]
2019-06-20 16:17:10,136 | Spider | INFO  | 机场[郑州新郑]航班号[HU7423]延误时间[]
2019-06-20 16:17:10,175 | Spider | INFO  | 机场[郑州新郑]航班号[SC4710]延误时间[]
2019-06-20 16:17:10,237 | Spider | INFO  | 机场[郑州新郑]航班号[ZH9688]延误时间[]
2019-06-20 16:17:10,321 | Spider | INFO  | 机场[郑州新郑]航班号[MU9896]延误时间[]
2019-06-20 16:17:12,806 | Spider | INFO  | [六盘水月照]：机场航班信息获取中...
2019-06-20 16:17:15,138 | Spider | INFO  | [六盘水月照]机场暂无延误航班,出场延误航班数：0
2019-06-20 16:17:15,570 | Spider | INFO  | <font color="green">空机场名跳过</font>
2019-06-20 16:17:15,988 | Spider | INFO  | [沈阳桃仙]：机场航班信息获取中...
2019-06-20 16:17:23,975 | Spider | INFO  | [沈阳桃仙]机场出场延误航班数：18
2019-06-20 16:17:24,038 | Spider | INFO  | 机场[沈阳桃仙]航班号[XJ839]延误时间[+2522]
2019-06-20 16:17:24,084 | Spider | INFO  | 机场[沈阳桃仙]航班号[EO426]延误时间[+2377]
2019-06-20 16:17:24,136 | Spider | INFO  | 机场[沈阳桃仙]航班号[MU9989]延误时间[+412]
2019-06-20 16:17:27,883 | Spider | INFO  | 航班：[MU9989],[计划起飞 09:25 06/20],实际起飞时间：[16:28],出发地：[沈阳桃仙T3],目的地：[淮安涟水],计划到达 11:35 06/20 预计到达：[18:09],延误时间：[+412]
2019-06-20 16:17:27,883 | Spider | INFO  | <font color="green">[沈阳桃仙]机场,[MU9989]航班,[沈阳桃仙T3]出发,目的地[淮安涟水],延误时间[+412]</font>
2019-06-20 16:17:28,892 | Spider | INFO  | 机场[沈阳桃仙]航班号[MU2930]延误时间[+327]
2019-06-20 16:17:33,684 | Spider | INFO  | 航班：[MU2930],[计划起飞 10:50 06/20],实际起飞时间：[16:30],出发地：[沈阳桃仙T3],目的地：[无锡硕放T2],计划到达 13:30 06/20 预计到达：[18:33],延误时间：[+327]
2019-06-20 16:17:33,685 | Spider | INFO  | <font color="green">[沈阳桃仙]机场,[MU2930]航班,[沈阳桃仙T3]出发,目的地[无锡硕放T2],延误时间[+327]</font>
2019-06-20 16:17:35,776 | Spider | INFO  | 机场[沈阳桃仙]航班号[MU2930]延误时间[+277]
2019-06-20 16:17:41,360 | Spider | INFO  | 航班：[MU9989],[计划起飞 09:25 06/20],实际起飞时间：[16:28],出发地：[沈阳桃仙T3],目的地：[淮安涟水],计划到达 11:35 06/20 预计到达：[18:09],延误时间：[+277]
2019-06-20 16:17:41,956 | Spider | INFO  | 机场[沈阳桃仙]航班号[3U8808]延误时间[+107]
2019-06-20 16:17:42,044 | Spider | INFO  | 机场[沈阳桃仙]航班号[CZ3656]延误时间[+97]
2019-06-20 16:17:42,119 | Spider | INFO  | 机场[沈阳桃仙]航班号[CZ6465]延误时间[+52]
2019-06-20 16:17:42,205 | Spider | INFO  | 机场[沈阳桃仙]航班号[CZ6465]延误时间[+52]
2019-06-20 16:17:42,258 | Spider | INFO  | 机场[沈阳桃仙]航班号[CZ6303]延误时间[+42]
2019-06-20 16:17:42,332 | Spider | INFO  | 机场[沈阳桃仙]航班号[CZ6287]延误时间[+22]
2019-06-20 16:17:44,245 | Spider | INFO  | 机场[沈阳桃仙]航班号[CZ6287]延误时间[+22]
2019-06-20 16:17:44,726 | Spider | INFO  | 机场[沈阳桃仙]航班号[DR6532]延误时间[]
2019-06-20 16:17:44,842 | Spider | INFO  | 机场[沈阳桃仙]航班号[CZ6495]延误时间[]
2019-06-20 16:17:44,916 | Spider | INFO  | 机场[沈阳桃仙]航班号[FM9194]延误时间[]
2019-06-20 16:17:45,072 | Spider | INFO  | 机场[沈阳桃仙]航班号[ZH9551]延误时间[]
2019-06-20 16:17:45,116 | Spider | INFO  | 机场[沈阳桃仙]航班号[MF8060]延误时间[]
2019-06-20 16:17:45,203 | Spider | INFO  | 机场[沈阳桃仙]航班号[FM9186]延误时间[]
2019-06-20 16:17:46,311 | Spider | ERROR | Message: An unknown server-side error occurred while processing the command. Original error: The swipe did not complete successfully

2019-06-20 16:17:46,312 | Spider | ERROR | Message: An unknown server-side error occurred while processing the command. Original error: The swipe did not complete successfully
Traceback (most recent call last):
  File "Login.py", line 233, in run
    self.driver.swipe(500, 1800, 500, 600, 800)
  File "C:\Program Files\Python36\lib\site-packages\appium\webdriver\extensions\action_helpers.py", line 115, in swipe
    action.perform()
  File "C:\Program Files\Python36\lib\site-packages\appium\webdriver\common\touch_action.py", line 103, in perform
    self._driver.execute(Command.TOUCH_ACTION, params)
  File "C:\Program Files\Python36\lib\site-packages\selenium\webdriver\remote\webdriver.py", line 321, in execute
    self.error_handler.check_response(response)
  File "C:\Program Files\Python36\lib\site-packages\appium\webdriver\errorhandler.py", line 29, in check_response
    raise wde
  File "C:\Program Files\Python36\lib\site-packages\appium\webdriver\errorhandler.py", line 24, in check_response
    super(MobileErrorHandler, self).check_response(response)
  File "C:\Program Files\Python36\lib\site-packages\selenium\webdriver\remote\errorhandler.py", line 242, in check_response
    raise exception_class(message, screen, stacktrace)
selenium.common.exceptions.WebDriverException: Message: An unknown server-side error occurred while processing the command. Original error: The swipe did not complete successfully

2019-06-20 16:17:47,524 | Spider | INFO  | <font color="green">空机场名跳过</font>
2019-06-20 16:17:50,519 | Spider | INFO  | <font color="green">空机场名跳过</font>
2019-06-20 16:17:50,565 | Spider | INFO  | [常德桃花源]：机场航班信息获取中...
2019-06-20 16:17:52,813 | Spider | INFO  | [常德桃花源]机场暂无延误航班,出场延误航班数：0
2019-06-20 16:17:53,250 | Spider | INFO  | [常州奔牛]：机场航班信息获取中...
2019-06-20 16:18:00,116 | Spider | INFO  | [常州奔牛]机场出场延误航班数：9
2019-06-20 16:18:00,154 | Spider | INFO  | 机场[常州奔牛]航班号[QV886]延误时间[+3058]
2019-06-20 16:18:00,212 | Spider | INFO  | 机场[常州奔牛]航班号[MU9696]延误时间[+228]
2019-06-20 16:18:03,673 | Spider | INFO  | 航班：[MU9696],[计划起飞 12:30 06/20],实际起飞时间：[16:25],出发地：[常州奔牛],目的地：[成都双流T2],计划到达 15:15 06/20 预计到达：[18:45],延误时间：[+228]
2019-06-20 16:18:03,673 | Spider | INFO  | <font color="green">[常州奔牛]机场,[MU9696]航班,[常州奔牛]出发,目的地[成都双流T2],延误时间[+228]</font>
2019-06-20 16:18:06,877 | Spider | INFO  | 机场[常州奔牛]航班号[MU2983]延误时间[+208]
2019-06-20 16:18:11,020 | Spider | INFO  | 航班：[MU2983],[计划起飞 12:50 06/20],实际起飞时间：[18:28],出发地：[常州奔牛],目的地：[西安咸阳T3],计划到达 15:05 06/20 预计到达：[20:15],延误时间：[+208]
2019-06-20 16:18:11,020 | Spider | INFO  | <font color="green">[常州奔牛]机场,[MU2983]航班,[常州奔牛]出发,目的地[西安咸阳T3],延误时间[+208]</font>
2019-06-20 16:18:15,050 | Spider | INFO  | 机场[常州奔牛]航班号[QV888]延误时间[+178]
2019-06-20 16:18:15,113 | Spider | INFO  | 机场[常州奔牛]航班号[ZH9389]延误时间[+158]
2019-06-20 16:18:15,172 | Spider | INFO  | 机场[常州奔牛]航班号[MU2969]延误时间[+158]
2019-06-20 16:18:15,240 | Spider | INFO  | 机场[常州奔牛]航班号[CZ6408]延误时间[+28]
2019-06-20 16:18:15,284 | Spider | INFO  | 机场[常州奔牛]航班号[MU2970]延误时间[]
2019-06-20 16:18:15,356 | Spider | INFO  | 机场[常州奔牛]航班号[3U8594]延误时间[]
2019-06-20 16:18:17,503 | Spider | INFO  | [长春龙嘉]：机场航班信息获取中...
2019-06-20 16:18:25,341 | Spider | INFO  | [长春龙嘉]机场出场延误航班数：18
2019-06-20 16:18:25,402 | Spider | INFO  | 机场[长春龙嘉]航班号[VN747]延误时间[+2488]
2019-06-20 16:18:25,465 | Spider | INFO  | 机场[长春龙嘉]航班号[CZ8515]延误时间[+403]
2019-06-20 16:18:29,313 | Spider | INFO  | 航班：[CZ8515],[计划起飞 09:35 06/20],实际起飞时间：[17:00],出发地：[长春龙嘉T1],目的地：[合肥新桥],计划到达 12:20 06/20 预计到达：[19:23],延误时间：[+403]
2019-06-20 16:18:29,314 | Spider | INFO  | <font color="green">[长春龙嘉]机场,[CZ8515]航班,[长春龙嘉T1]出发,目的地[合肥新桥],延误时间[+403]</font>
2019-06-20 16:18:32,783 | Spider | INFO  | 机场[长春龙嘉]航班号[ZH9650]延误时间[+398]
2019-06-20 16:18:36,572 | Spider | INFO  | 航班：[ZH9650],[计划起飞 09:40 06/20],实际起飞时间：[16:47],出发地：[长春龙嘉T2],目的地：[南通兴东T1],计划到达 12:00 06/20 预计到达：[19:24],延误时间：[+398]
2019-06-20 16:18:36,572 | Spider | INFO  | <font color="green">[长春龙嘉]机场,[ZH9650]航班,[长春龙嘉T2]出发,目的地[南通兴东T1],延误时间[+398]</font>
2019-06-20 16:18:40,602 | Spider | INFO  | 机场[长春龙嘉]航班号[CZ6224]延误时间[+303]
2019-06-20 16:18:44,487 | Spider | INFO  | 航班：[CZ6224],[计划起飞 11:15 06/20],实际起飞时间：[16:30],出发地：[长春龙嘉T1],目的地：[武汉天河T3],计划到达 14:30 06/20 预计到达：[19:19],延误时间：[+303]
2019-06-20 16:18:44,487 | Spider | INFO  | <font color="green">[长春龙嘉]机场,[CZ6224]航班,[长春龙嘉T1]出发,目的地[武汉天河T3],延误时间[+303]</font>
2019-06-20 16:18:48,207 | Spider | INFO  | 机场[长春龙嘉]航班号[ZH9694]延误时间[]
2019-06-20 16:18:48,591 | Spider | INFO  | 机场[长春龙嘉]航班号[CZ6619]延误时间[+98]
2019-06-20 16:18:48,662 | Spider | INFO  | 机场[长春龙嘉]航班号[CZ6166]延误时间[+73]
2019-06-20 16:18:48,718 | Spider | INFO  | 机场[长春龙嘉]航班号[SC8866]延误时间[+53]
2019-06-20 16:18:48,768 | Spider | INFO  | 机场[长春龙嘉]航班号[3U8800]延误时间[+48]
2019-06-20 16:18:48,834 | Spider | INFO  | 机场[长春龙嘉]航班号[ZH9382]延误时间[+43]
2019-06-20 16:18:48,902 | Spider | INFO  | 机场[长春龙嘉]航班号[GJ8974]延误时间[+38]
2019-06-20 16:18:48,991 | Spider | INFO  | 机场[长春龙嘉]航班号[CZ3264]延误时间[+23]
2019-06-20 16:18:49,070 | Spider | INFO  | 机场[长春龙嘉]航班号[DZ6258]延误时间[+8]
2019-06-20 16:18:49,116 | Spider | INFO  | 机场[长春龙嘉]航班号[DZ6346]延误时间[+8]
2019-06-20 16:18:49,193 | Spider | INFO  | 机场[长春龙嘉]航班号[CZ3738]延误时间[+3]
2019-06-20 16:18:49,240 | Spider | INFO  | 机场[长春龙嘉]航班号[CZ3990]延误时间[]
2019-06-20 16:18:49,277 | Spider | INFO  | 机场[长春龙嘉]航班号[HU7432]延误时间[]
2019-06-20 16:18:49,642 | Spider | INFO  | 机场[长春龙嘉]航班号[3U8630]延误时间[]
2019-06-20 16:18:52,486 | Spider | INFO  | [厦门高崎]：机场航班信息获取中...
2019-06-20 16:19:00,633 | Spider | INFO  | [厦门高崎]机场出场延误航班数：14
2019-06-20 16:19:00,753 | Spider | INFO  | 机场[厦门高崎]航班号[MF874]延误时间[+119]
2019-06-20 16:19:00,843 | Spider | INFO  | 机场[厦门高崎]航班号[MF8509]延误时间[+79]
2019-06-20 16:19:00,910 | Spider | INFO  | 机场[厦门高崎]航班号[MF8139]延误时间[+74]
2019-06-20 16:19:00,983 | Spider | INFO  | 机场[厦门高崎]航班号[GT1036]延误时间[+74]
2019-06-20 16:19:01,050 | Spider | INFO  | 机场[厦门高崎]航班号[CA1834]延误时间[+49]
2019-06-20 16:19:01,122 | Spider | INFO  | 机场[厦门高崎]航班号[MF8333]延误时间[+49]
2019-06-20 16:19:01,205 | Spider | INFO  | 机场[厦门高崎]航班号[GS6552]延误时间[+29]
2019-06-20 16:19:01,334 | Spider | INFO  | 机场[厦门高崎]航班号[MF8693]延误时间[+19]
2019-06-20 16:19:01,442 | Spider | INFO  | 机场[厦门高崎]航班号[CZ8516]延误时间[+14]
2019-06-20 16:19:01,533 | Spider | INFO  | 机场[厦门高崎]航班号[KN2958]延误时间[+9]
2019-06-20 16:19:01,826 | Spider | INFO  | 机场[厦门高崎]航班号[MF8357]延误时间[]
2019-06-20 16:19:01,891 | Spider | INFO  | 机场[厦门高崎]航班号[MU2914]延误时间[]
2019-06-20 16:19:01,979 | Spider | INFO  | 机场[厦门高崎]航班号[MU2188]延误时间[]
2019-06-20 16:19:02,457 | Spider | INFO  | 机场[厦门高崎]航班号[CZ6940]延误时间[]
2019-06-20 16:19:04,278 | Spider | INFO  | [宁波栎社]：机场航班信息获取中...
2019-06-20 16:19:13,017 | Spider | INFO  | [宁波栎社]机场出场延误航班数：15
2019-06-20 16:19:13,329 | Spider | INFO  | 机场[宁波栎社]航班号[MU5453]延误时间[+464]
2019-06-20 16:19:17,449 | Spider | INFO  | 航班：[MU5453],[计划起飞 08:35 06/20],实际起飞时间：[17:47],出发地：[宁波栎社T1],目的地：[昆明长水],计划到达 11:40 06/20 预计到达：[20:28],延误时间：[+464]
2019-06-20 16:19:17,449 | Spider | INFO  | <font color="green">[宁波栎社]机场,[MU5453]航班,[宁波栎社T1]出发,目的地[昆明长水],延误时间[+464]</font>
2019-06-20 16:19:22,126 | Spider | INFO  | 机场[宁波栎社]航班号[NS3234]延误时间[+319]
2019-06-20 16:19:25,794 | Spider | INFO  | 航班：[NS3234],[计划起飞 11:00 06/20],实际起飞时间：[16:37],出发地：[宁波栎社T1],目的地：[石家庄正定T2],计划到达 13:15 06/20 预计到达：[18:37],延误时间：[+319]
2019-06-20 16:19:25,794 | Spider | INFO  | <font color="green">[宁波栎社]机场,[NS3234]航班,[宁波栎社T1]出发,目的地[石家庄正定T2],延误时间[+319]</font>
2019-06-20 16:19:29,884 | Spider | INFO  | 机场[宁波栎社]航班号[CA1840]延误时间[+259]
2019-06-20 16:19:33,514 | Spider | INFO  | 航班：[CA1840],[计划起飞 12:00 06/20],实际起飞时间：[17:00],出发地：[宁波栎社T1],目的地：[北京首都T3],计划到达 14:25 06/20 预计到达：[19:05],延误时间：[+259]
2019-06-20 16:19:33,515 | Spider | INFO  | <font color="green">[宁波栎社]机场,[CA1840]航班,[宁波栎社T1]出发,目的地[北京首都T3],延误时间[+259]</font>
2019-06-20 16:19:37,535 | Spider | INFO  | 机场[宁波栎社]航班号[9C8857]延误时间[+209]
2019-06-20 16:19:41,238 | Spider | INFO  | 航班：[9C8857],[计划起飞 12:50 06/20],实际起飞时间：[16:45],出发地：[宁波栎社T1],目的地：[淮安涟水],计划到达 14:10 06/20 预计到达：[17:49],延误时间：[+209]
2019-06-20 16:19:41,239 | Spider | INFO  | <font color="green">[宁波栎社]机场,[9C8857]航班,[宁波栎社T1]出发,目的地[淮安涟水],延误时间[+209]</font>
2019-06-20 16:19:45,436 | Spider | INFO  | 机场[宁波栎社]航班号[MU2177]延误时间[+124]
2019-06-20 16:19:45,571 | Spider | INFO  | 机场[宁波栎社]航班号[CZ8654]延误时间[+109]
2019-06-20 16:19:45,650 | Spider | INFO  | 机场[宁波栎社]航班号[MU5243]延误时间[+109]
2019-06-20 16:19:45,723 | Spider | INFO  | 机场[宁波栎社]航班号[MU9673]延误时间[+89]
2019-06-20 16:19:45,794 | Spider | INFO  | 机场[宁波栎社]航班号[MU9895]延误时间[+19]
2019-06-20 16:19:45,852 | Spider | INFO  | 机场[宁波栎社]航班号[EU2254]延误时间[+14]
2019-06-20 16:19:45,907 | Spider | INFO  | 机场[宁波栎社]航班号[MU5237]延误时间[]
2019-06-20 16:19:45,954 | Spider | INFO  | 机场[宁波栎社]航班号[CA1542]延误时间[]
2019-06-20 16:19:46,008 | Spider | INFO  | 机场[宁波栎社]航班号[TR177]延误时间[]
2019-06-20 16:19:46,074 | Spider | INFO  | 机场[宁波栎社]航班号[9C6221]延误时间[]
2019-06-20 16:19:46,128 | Spider | INFO  | 机场[宁波栎社]航班号[MU5244]延误时间[]
2019-06-20 16:19:47,244 | Spider | ERROR | Message: An unknown server-side error occurred while processing the command. Original error: The swipe did not complete successfully

2019-06-20 16:19:47,245 | Spider | ERROR | Message: An unknown server-side error occurred while processing the command. Original error: The swipe did not complete successfully
Traceback (most recent call last):
  File "Login.py", line 233, in run
    self.driver.swipe(500, 1800, 500, 600, 800)
  File "C:\Program Files\Python36\lib\site-packages\appium\webdriver\extensions\action_helpers.py", line 115, in swipe
    action.perform()
  File "C:\Program Files\Python36\lib\site-packages\appium\webdriver\common\touch_action.py", line 103, in perform
    self._driver.execute(Command.TOUCH_ACTION, params)
  File "C:\Program Files\Python36\lib\site-packages\selenium\webdriver\remote\webdriver.py", line 321, in execute
    self.error_handler.check_response(response)
  File "C:\Program Files\Python36\lib\site-packages\appium\webdriver\errorhandler.py", line 29, in check_response
    raise wde
  File "C:\Program Files\Python36\lib\site-packages\appium\webdriver\errorhandler.py", line 24, in check_response
    super(MobileErrorHandler, self).check_response(response)
  File "C:\Program Files\Python36\lib\site-packages\selenium\webdriver\remote\errorhandler.py", line 242, in check_response
    raise exception_class(message, screen, stacktrace)
selenium.common.exceptions.WebDriverException: Message: An unknown server-side error occurred while processing the command. Original error: The swipe did not complete successfully

2019-06-20 16:19:51,523 | Spider | INFO  | <font color="green">空机场名跳过</font>
2019-06-20 16:19:54,689 | Spider | INFO  | [贵阳龙洞堡]：机场航班信息获取中...
2019-06-20 16:19:57,285 | Spider | INFO  | [贵阳龙洞堡]机场暂无延误航班,出场延误航班数：0
2019-06-20 16:19:58,631 | Spider | INFO  | [三亚凤凰]：机场航班信息获取中...
2019-06-20 16:20:06,205 | Spider | INFO  | [三亚凤凰]机场出场延误航班数：5
2019-06-20 16:20:06,326 | Spider | INFO  | 机场[三亚凤凰]航班号[3U8432]延误时间[+40]
2019-06-20 16:20:06,410 | Spider | INFO  | 机场[三亚凤凰]航班号[EU2252]延误时间[+20]
2019-06-20 16:20:06,503 | Spider | INFO  | 机场[三亚凤凰]航班号[HO1130]延误时间[]
2019-06-20 16:20:06,574 | Spider | INFO  | 机场[三亚凤凰]航班号[CZ6272]延误时间[]
2019-06-20 16:20:06,633 | Spider | INFO  | 机场[三亚凤凰]航班号[MU2728]延误时间[]
2019-06-20 16:20:09,171 | Spider | INFO  | [武汉天河]：机场航班信息获取中...
2019-06-20 16:20:17,619 | Spider | INFO  | [武汉天河]机场出场延误航班数：20
2019-06-20 16:20:17,676 | Spider | INFO  | 机场[武汉天河]航班号[CZ6281]延误时间[+115]
2019-06-20 16:20:17,771 | Spider | INFO  | 机场[武汉天河]航班号[CZ6939]延误时间[+95]
2019-06-20 16:20:17,822 | Spider | INFO  | 机场[武汉天河]航班号[HU7823]延误时间[+80]
2019-06-20 16:20:17,879 | Spider | INFO  | 机场[武汉天河]航班号[CA8237]延误时间[+55]
2019-06-20 16:20:17,960 | Spider | INFO  | 机场[武汉天河]航班号[GJ8818]延误时间[+50]
2019-06-20 16:20:18,017 | Spider | INFO  | 机场[武汉天河]航班号[MU2622]延误时间[+45]
2019-06-20 16:20:18,093 | Spider | INFO  | 机场[武汉天河]航班号[MF8215]延误时间[+35]
2019-06-20 16:20:18,142 | Spider | INFO  | 机场[武汉天河]航班号[CZ3093]延误时间[+25]
2019-06-20 16:20:18,205 | Spider | INFO  | 机场[武汉天河]航班号[CZ3168]延误时间[+15]
2019-06-20 16:20:18,275 | Spider | INFO  | 机场[武汉天河]航班号[UQ2661]延误时间[+10]
2019-06-20 16:20:18,390 | Spider | INFO  | 机场[武汉天河]航班号[MU2505]延误时间[]
2019-06-20 16:20:18,465 | Spider | INFO  | 机场[武汉天河]航班号[MU9658]延误时间[]
2019-06-20 16:20:18,542 | Spider | INFO  | 机场[武汉天河]航班号[MU5688]延误时间[]
2019-06-20 16:20:18,637 | Spider | INFO  | 机场[武汉天河]航班号[GS7592]延误时间[]
2019-06-20 16:20:18,678 | Spider | INFO  | 机场[武汉天河]航班号[CZ8409]延误时间[]
2019-06-20 16:20:21,401 | Spider | INFO  | 机场[武汉天河]航班号[3U8726]延误时间[]
2019-06-20 16:20:21,525 | Spider | INFO  | 机场[武汉天河]航班号[ZH9369]延误时间[]
2019-06-20 16:20:21,607 | Spider | INFO  | 机场[武汉天河]航班号[CZ6514]延误时间[]
2019-06-20 16:20:21,645 | Spider | INFO  | 机场[武汉天河]航班号[JD5722]延误时间[]
2019-06-20 16:20:21,686 | Spider | INFO  | 机场[武汉天河]航班号[CZ6282]延误时间[]
2019-06-20 16:20:23,956 | Spider | INFO  | [长沙黄花]：机场航班信息获取中...
2019-06-20 16:20:32,738 | Spider | INFO  | [长沙黄花]机场出场延误航班数：14
2019-06-20 16:20:32,802 | Spider | INFO  | 机场[长沙黄花]航班号[E3850]延误时间[+3140]
2019-06-20 16:20:32,868 | Spider | INFO  | 机场[长沙黄花]航班号[JT2742]延误时间[+955]
2019-06-20 16:20:32,941 | Spider | INFO  | 机场[长沙黄花]航班号[F79538]延误时间[+450]
2019-06-20 16:20:37,187 | Spider | INFO  | 航班：[F79538],[计划起飞 08:50 06/20],实际起飞时间：[16:49],出发地：[长沙黄花T2],目的地：[伏努科沃A],计划到达 13:45 06/20 预计到达：[21:16],延误时间：[+450]
2019-06-20 16:20:37,188 | Spider | INFO  | <font color="green">[长沙黄花]机场,[F79538]航班,[长沙黄花T2]出发,目的地[伏努科沃A],延误时间[+450]</font>
2019-06-20 16:20:40,653 | Spider | INFO  | 机场[长沙黄花]航班号[CZ6271]延误时间[+145]
2019-06-20 16:20:40,718 | Spider | INFO  | 机场[长沙黄花]航班号[MU2754]延误时间[+95]
2019-06-20 16:20:40,801 | Spider | INFO  | 机场[长沙黄花]航班号[FU6564]延误时间[+55]
2019-06-20 16:20:40,877 | Spider | INFO  | 机场[长沙黄花]航班号[MF8434]延误时间[+45]
2019-06-20 16:20:40,945 | Spider | INFO  | 机场[长沙黄花]航班号[HU7512]延误时间[+10]
2019-06-20 16:20:40,991 | Spider | INFO  | 机场[长沙黄花]航班号[MU2727]延误时间[]
2019-06-20 16:20:41,100 | Spider | INFO  | 机场[长沙黄花]航班号[HO1705]延误时间[]
2019-06-20 16:20:41,189 | Spider | INFO  | 机场[长沙黄花]航班号[ZH8178]延误时间[]
2019-06-20 16:20:41,312 | Spider | INFO  | 机场[长沙黄花]航班号[MU5272]延误时间[]
2019-06-20 16:20:41,375 | Spider | INFO  | 机场[长沙黄花]航班号[MU2384]延误时间[]
2019-06-20 16:20:41,463 | Spider | INFO  | 机场[长沙黄花]航班号[MU2728]延误时间[]
2019-06-20 16:20:43,340 | Spider | INFO  | [北京首都]：机场航班信息获取中...
2019-06-20 16:22:29,233 | Spider | INFO  | [北京首都]机场出场延误航班数：6
2019-06-20 16:23:03,341 | Spider | INFO  | 机场[北京首都]航班号[CA1591]延误时间[+281]
2019-06-20 16:24:05,531 | Spider | INFO  | 航班：[CA1591],[计划起飞 11:40 06/20],实际起飞时间：[16:20],出发地：[北京首都T3],目的地：[盐城南洋T2],计划到达 13:30 06/20 预计到达：[17:44],延误时间：[+281]
2019-06-20 16:24:05,531 | Spider | INFO  | <font color="green">[北京首都]机场,[CA1591]航班,[北京首都T3]出发,目的地[盐城南洋T2],延误时间[+281]</font>
2019-06-20 16:24:10,972 | Spider | INFO  | 机场[北京首都]航班号[CA1958]延误时间[+151]
2019-06-20 16:24:14,801 | Spider | INFO  | 机场[北京首都]航班号[CA4108]延误时间[+141]
2019-06-20 16:24:17,705 | Spider | INFO  | [神农架红坪]：机场航班信息获取中...
2019-06-20 16:24:20,942 | Spider | INFO  | [神农架红坪]机场暂无延误航班,出场延误航班数：0
2019-06-20 16:24:21,024 | Spider | ERROR | Message: An unknown server-side error occurred while processing the command. Original error: The swipe did not complete successfully

2019-06-20 16:24:21,025 | Spider | ERROR | Message: An unknown server-side error occurred while processing the command. Original error: The swipe did not complete successfully
Traceback (most recent call last):
  File "Login.py", line 233, in run
    self.driver.swipe(500, 1800, 500, 600, 800)
  File "C:\Program Files\Python36\lib\site-packages\appium\webdriver\extensions\action_helpers.py", line 115, in swipe
    action.perform()
  File "C:\Program Files\Python36\lib\site-packages\appium\webdriver\common\touch_action.py", line 103, in perform
    self._driver.execute(Command.TOUCH_ACTION, params)
  File "C:\Program Files\Python36\lib\site-packages\selenium\webdriver\remote\webdriver.py", line 321, in execute
    self.error_handler.check_response(response)
  File "C:\Program Files\Python36\lib\site-packages\appium\webdriver\errorhandler.py", line 29, in check_response
    raise wde
  File "C:\Program Files\Python36\lib\site-packages\appium\webdriver\errorhandler.py", line 24, in check_response
    super(MobileErrorHandler, self).check_response(response)
  File "C:\Program Files\Python36\lib\site-packages\selenium\webdriver\remote\errorhandler.py", line 242, in check_response
    raise exception_class(message, screen, stacktrace)
selenium.common.exceptions.WebDriverException: Message: An unknown server-side error occurred while processing the command. Original error: The swipe did not complete successfully

2019-06-20 16:24:32,884 | Spider | INFO  | [天津滨海]：机场航班信息获取中...
2019-06-20 16:24:44,125 | Spider | INFO  | [天津滨海]机场出场延误航班数：20
2019-06-20 16:24:44,222 | Spider | INFO  | 机场[天津滨海]航班号[XW879]延误时间[+1084]
2019-06-20 16:24:44,383 | Spider | INFO  | 机场[天津滨海]航班号[ZH8748]延误时间[+239]
2019-06-20 16:24:47,278 | Spider | INFO  | 航班：[ZH8748],[计划起飞 12:25 06/20],实际起飞时间：[16:35],出发地：[天津滨海T2],目的地：[南通兴东T1],计划到达 14:15 06/20 预计到达：[18:04],延误时间：[+239]
2019-06-20 16:24:47,278 | Spider | INFO  | <font color="green">[天津滨海]机场,[ZH8748]航班,[天津滨海T2]出发,目的地[南通兴东T1],延误时间[+239]</font>
2019-06-20 16:24:54,276 | Spider | INFO  | 机场[天津滨海]航班号[GS7979]延误时间[+204]
2019-06-20 16:24:58,782 | Spider | INFO  | 航班：[GS7979],[计划起飞 13:00 06/20],实际起飞时间：[16:36],出发地：[天津滨海T1],目的地：[关西T1],计划到达 16:45 06/20 预计到达：[19:52],延误时间：[+204]
2019-06-20 16:24:58,782 | Spider | INFO  | <font color="green">[天津滨海]机场,[GS7979]航班,[天津滨海T1]出发,目的地[关西T1],延误时间[+204]</font>
2019-06-20 16:25:02,227 | Spider | INFO  | 机场[天津滨海]航班号[GS7845]延误时间[+159]
2019-06-20 16:25:02,614 | Spider | INFO  | 机场[天津滨海]航班号[CA1319]延误时间[+109]
2019-06-20 16:25:02,797 | Spider | INFO  | 机场[天津滨海]航班号[KE864]延误时间[+104]
2019-06-20 16:25:02,992 | Spider | INFO  | 机场[天津滨海]航班号[CA1523]延误时间[+89]
2019-06-20 16:25:03,176 | Spider | INFO  | 机场[天津滨海]航班号[CZ3302]延误时间[+84]
2019-06-20 16:25:03,358 | Spider | INFO  | 机场[天津滨海]航班号[GS7851]延误时间[+74]
2019-06-20 16:25:03,511 | Spider | INFO  | 机场[天津滨海]航班号[CA8125]延误时间[+69]
2019-06-20 16:25:04,016 | Spider | INFO  | 机场[天津滨海]航班号[GS7584]延误时间[+44]
2019-06-20 16:25:04,113 | Spider | INFO  | 机场[天津滨海]航班号[3U8816]延误时间[+39]
2019-06-20 16:25:04,202 | Spider | INFO  | 机场[天津滨海]航班号[MF8379]延误时间[+34]
2019-06-20 16:25:04,389 | Spider | INFO  | 机场[天津滨海]航班号[3U8039]延误时间[+4]
2019-06-20 16:25:04,431 | Spider | INFO  | 机场[天津滨海]航班号[DZ6256]延误时间[]
2019-06-20 16:25:04,478 | Spider | INFO  | 机场[天津滨海]航班号[CA4548]延误时间[]
2019-06-20 16:25:04,567 | Spider | INFO  | 机场[天津滨海]航班号[CZ3167]延误时间[]
2019-06-20 16:25:04,629 | Spider | INFO  | 机场[天津滨海]航班号[G54323]延误时间[]
2019-06-20 16:25:04,720 | Spider | INFO  | 机场[天津滨海]航班号[MF8210]延误时间[]
2019-06-20 16:25:04,776 | Spider | INFO  | 机场[天津滨海]航班号[GS7989]延误时间[]
2019-06-20 16:25:06,175 | Spider | INFO  | [太原武宿]：机场航班信息获取中...
2019-06-20 16:25:14,185 | Spider | INFO  | [太原武宿]机场出场延误航班数：14
2019-06-20 16:25:14,246 | Spider | INFO  | 机场[太原武宿]航班号[ZH9540]延误时间[+300]
2019-06-20 16:25:17,962 | Spider | INFO  | 航班：[ZH9540],[计划起飞 11:25 06/20],实际起飞时间：[16:30],出发地：[太原武宿T1],目的地：[无锡硕放T2],计划到达 13:40 06/20 预计到达：[18:18],延误时间：[+300]
2019-06-20 16:25:17,963 | Spider | INFO  | <font color="green">[太原武宿]机场,[ZH9540]航班,[太原武宿T1]出发,目的地[无锡硕放T2],延误时间[+300]</font>
2019-06-20 16:25:21,387 | Spider | INFO  | 机场[太原武宿]航班号[MU2404]延误时间[+140]
2019-06-20 16:25:21,432 | Spider | INFO  | 机场[太原武宿]航班号[CZ3530]延误时间[+100]
2019-06-20 16:25:21,484 | Spider | INFO  | 机场[太原武宿]航班号[SC4608]延误时间[+95]
2019-06-20 16:25:21,549 | Spider | INFO  | 机场[太原武宿]航班号[SC8069]延误时间[+80]
2019-06-20 16:25:21,619 | Spider | INFO  | 机场[太原武宿]航班号[MU2409]延误时间[+70]
2019-06-20 16:25:21,692 | Spider | INFO  | 机场[太原武宿]航班号[HU7555]延误时间[+45]
2019-06-20 16:25:21,750 | Spider | INFO  | 机场[太原武宿]航班号[MU2363]延误时间[]
2019-06-20 16:25:21,810 | Spider | INFO  | 机场[太原武宿]航班号[ZH8706]延误时间[]
2019-06-20 16:25:21,860 | Spider | INFO  | 机场[太原武宿]航班号[MF8196]延误时间[]
2019-06-20 16:25:21,918 | Spider | INFO  | 机场[太原武宿]航班号[TV9898]延误时间[]
2019-06-20 16:25:22,008 | Spider | INFO  | 机场[太原武宿]航班号[MU2410]延误时间[]
2019-06-20 16:25:22,082 | Spider | INFO  | 机场[太原武宿]航班号[FU6624]延误时间[]
2019-06-20 16:25:22,154 | Spider | INFO  | 机场[太原武宿]航班号[SC8070]延误时间[]
2019-06-20 16:25:24,065 | Spider | INFO  | [石家庄正定]：机场航班信息获取中...
2019-06-20 16:25:32,179 | Spider | INFO  | [石家庄正定]机场出场延误航班数：10
2019-06-20 16:25:32,242 | Spider | INFO  | 机场[石家庄正定]航班号[9C8899]延误时间[+160]
2019-06-20 16:25:32,308 | Spider | INFO  | 机场[石家庄正定]航班号[NS3305]延误时间[+150]
2019-06-20 16:25:32,359 | Spider | INFO  | 机场[石家庄正定]航班号[HU7076]延误时间[+65]
2019-06-20 16:25:32,450 | Spider | INFO  | 机场[石家庄正定]航班号[MU2844]延误时间[+30]
2019-06-20 16:25:32,496 | Spider | INFO  | 机场[石家庄正定]航班号[9C8904]延误时间[+25]
2019-06-20 16:25:32,552 | Spider | INFO  | 机场[石家庄正定]航班号[HU7431]延误时间[+10]
2019-06-20 16:25:32,632 | Spider | INFO  | 机场[石家庄正定]航班号[KN2317]延误时间[]
2019-06-20 16:25:32,684 | Spider | INFO  | 机场[石家庄正定]航班号[MU2747]延误时间[]
2019-06-20 16:25:32,749 | Spider | INFO  | 机场[石家庄正定]航班号[HU7432]延误时间[]
2019-06-20 16:25:32,831 | Spider | INFO  | 机场[石家庄正定]航班号[MU2748]延误时间[]
2019-06-20 16:25:35,601 | Spider | INFO  | [西安咸阳]：机场航班信息获取中...
2019-06-20 16:25:46,026 | Spider | INFO  | [西安咸阳]机场出场延误航班数：20
2019-06-20 16:25:46,115 | Spider | INFO  | 机场[西安咸阳]航班号[MU2324]延误时间[+360]
2019-06-20 16:25:49,959 | Spider | INFO  | 航班：[MU2324],[计划起飞 10:25 06/20],实际起飞时间：[16:30],出发地：[西安咸阳T3],目的地：[嘉峪关],计划到达 12:35 06/20 预计到达：[18:35],延误时间：[+360]
2019-06-20 16:25:49,959 | Spider | INFO  | <font color="green">[西安咸阳]机场,[MU2324]航班,[西安咸阳T3]出发,目的地[嘉峪关],延误时间[+360]</font>
2019-06-20 16:25:54,333 | Spider | INFO  | 机场[西安咸阳]航班号[MU2956]延误时间[+355]
2019-06-20 16:25:58,155 | Spider | INFO  | 航班：[MU2956],[计划起飞 10:30 06/20],实际起飞时间：[16:49],出发地：[西安咸阳T3],目的地：[无锡硕放T2],计划到达 12:55 06/20 预计到达：[18:36],延误时间：[+355]
2019-06-20 16:25:58,155 | Spider | INFO  | <font color="green">[西安咸阳]机场,[MU2956]航班,[西安咸阳T3]出发,目的地[无锡硕放T2],延误时间[+355]</font>
2019-06-20 16:26:02,971 | Spider | INFO  | 机场[西安咸阳]航班号[CZ6414]延误时间[+180]
2019-06-20 16:26:06,834 | Spider | INFO  | 航班：[CZ6414],[计划起飞 13:25 06/20],实际起飞时间：[17:00],出发地：[西安咸阳T3],目的地：[沈阳桃仙T3],计划到达 15:55 06/20 预计到达：[19:09],延误时间：[+180]
2019-06-20 16:26:06,835 | Spider | INFO  | <font color="green">[西安咸阳]机场,[CZ6414]航班,[西安咸阳T3]出发,目的地[沈阳桃仙T3],延误时间[+180]</font>
2019-06-20 16:26:10,544 | Spider | INFO  | 机场[西安咸阳]航班号[KY8256]延误时间[]
2019-06-20 16:26:10,655 | Spider | INFO  | 机场[西安咸阳]航班号[CA1924]延误时间[+170]
2019-06-20 16:26:10,812 | Spider | INFO  | 机场[西安咸阳]航班号[TV9937]延误时间[+165]
2019-06-20 16:26:10,947 | Spider | INFO  | 机场[西安咸阳]航班号[SC8815]延误时间[+165]
2019-06-20 16:26:10,999 | Spider | INFO  | 机场[西安咸阳]航班号[HO1212]延误时间[+85]
2019-06-20 16:26:11,072 | Spider | INFO  | 机场[西安咸阳]航班号[MU2769]延误时间[+85]
2019-06-20 16:26:11,152 | Spider | INFO  | 机场[西安咸阳]航班号[ZH9259]延误时间[+80]
2019-06-20 16:26:11,218 | Spider | INFO  | 机场[西安咸阳]航班号[MU9651]延误时间[+75]
2019-06-20 16:26:11,282 | Spider | INFO  | 机场[西安咸阳]航班号[9H8367]延误时间[+60]
2019-06-20 16:26:11,367 | Spider | INFO  | 机场[西安咸阳]航班号[HU7577]延误时间[+50]
2019-06-20 16:26:11,429 | Spider | INFO  | 机场[西安咸阳]航班号[JD5241]延误时间[+50]
2019-06-20 16:26:11,498 | Spider | INFO  | 机场[西安咸阳]航班号[ZH9581]延误时间[+45]
2019-06-20 16:26:11,587 | Spider | INFO  | 机场[西安咸阳]航班号[CZ6305]延误时间[+40]
2019-06-20 16:26:11,662 | Spider | INFO  | 机场[西安咸阳]航班号[HU7515]延误时间[+30]
2019-06-20 16:26:11,752 | Spider | INFO  | 机场[西安咸阳]航班号[MU2984]延误时间[+10]
2019-06-20 16:26:11,872 | Spider | INFO  | 机场[西安咸阳]航班号[HU7269]延误时间[+5]
2019-06-20 16:26:11,937 | Spider | INFO  | 机场[西安咸阳]航班号[HO1010]延误时间[]
2019-06-20 16:26:15,113 | Spider | INFO  | [襄阳刘集]：机场航班信息获取中...
2019-06-20 16:26:21,199 | Spider | INFO  | [襄阳刘集]机场出场延误航班数：1
2019-06-20 16:26:21,248 | Spider | INFO  | 机场[襄阳刘集]航班号[GJ8885]延误时间[]
2019-06-20 16:26:24,566 | Spider | INFO  | [宜昌三峡]：机场航班信息获取中...
2019-06-20 16:26:31,893 | Spider | INFO  | [宜昌三峡]机场出场延误航班数：1
2019-06-20 16:26:31,954 | Spider | INFO  | 机场[宜昌三峡]航班号[JD5690]延误时间[+51]
2019-06-20 16:26:33,747 | Spider | INFO  | [信阳明港]：机场航班信息获取中...
2019-06-20 16:26:36,170 | Spider | INFO  | [信阳明港]机场暂无延误航班,出场延误航班数：0
2019-06-20 16:26:36,214 | Spider | ERROR | Message: An unknown server-side error occurred while processing the command. Original error: The swipe did not complete successfully

2019-06-20 16:26:36,215 | Spider | ERROR | Message: An unknown server-side error occurred while processing the command. Original error: The swipe did not complete successfully
Traceback (most recent call last):
  File "Login.py", line 233, in run
    self.driver.swipe(500, 1800, 500, 600, 800)
  File "C:\Program Files\Python36\lib\site-packages\appium\webdriver\extensions\action_helpers.py", line 115, in swipe
    action.perform()
  File "C:\Program Files\Python36\lib\site-packages\appium\webdriver\common\touch_action.py", line 103, in perform
    self._driver.execute(Command.TOUCH_ACTION, params)
  File "C:\Program Files\Python36\lib\site-packages\selenium\webdriver\remote\webdriver.py", line 321, in execute
    self.error_handler.check_response(response)
  File "C:\Program Files\Python36\lib\site-packages\appium\webdriver\errorhandler.py", line 29, in check_response
    raise wde
  File "C:\Program Files\Python36\lib\site-packages\appium\webdriver\errorhandler.py", line 24, in check_response
    super(MobileErrorHandler, self).check_response(response)
  File "C:\Program Files\Python36\lib\site-packages\selenium\webdriver\remote\errorhandler.py", line 242, in check_response
    raise exception_class(message, screen, stacktrace)
selenium.common.exceptions.WebDriverException: Message: An unknown server-side error occurred while processing the command. Original error: The swipe did not complete successfully

2019-06-20 16:26:40,342 | Spider | INFO  | [南阳姜营]：机场航班信息获取中...
2019-06-20 16:26:46,939 | Spider | INFO  | [南阳姜营]机场出场延误航班数：1
2019-06-20 16:26:46,989 | Spider | INFO  | 机场[南阳姜营]航班号[CZ6975]延误时间[+156]
2019-06-20 16:26:49,961 | Spider | INFO  | [岳阳三荷]：机场航班信息获取中...
2019-06-20 16:26:57,398 | Spider | INFO  | [岳阳三荷]机场出场延误航班数：1
2019-06-20 16:26:57,457 | Spider | INFO  | 机场[岳阳三荷]航班号[GS6596]延误时间[]
2019-06-20 16:27:01,538 | Spider | INFO  | [合肥新桥]：机场航班信息获取中...
2019-06-20 16:27:09,723 | Spider | INFO  | [合肥新桥]机场出场延误航班数：11
2019-06-20 16:27:09,792 | Spider | INFO  | 机场[合肥新桥]航班号[E3826]延误时间[+207]
2019-06-20 16:27:13,477 | Spider | INFO  | 航班：[E3826],[计划起飞 13:00 06/20],实际起飞时间：[16:56],出发地：[合肥新桥],目的地：[廊曼T1],计划到达 15:50 06/20 预计到达：[19:32],延误时间：[+207]
2019-06-20 16:27:13,478 | Spider | INFO  | <font color="green">[合肥新桥]机场,[E3826]航班,[合肥新桥]出发,目的地[廊曼T1],延误时间[+207]</font>
2019-06-20 16:27:19,406 | Spider | INFO  | 机场[合肥新桥]航班号[CZ8515]延误时间[+177]
2019-06-20 16:27:20,812 | Spider | INFO  | 机场[合肥新桥]航班号[CZ8516]延误时间[+62]
2019-06-20 16:27:21,311 | Spider | INFO  | 机场[合肥新桥]航班号[SC8736]延误时间[]
2019-06-20 16:27:21,651 | Spider | INFO  | 机场[合肥新桥]航班号[GX2012]延误时间[]
2019-06-20 16:27:23,111 | Spider | INFO  | 机场[合肥新桥]航班号[MU5140]延误时间[]
2019-06-20 16:27:23,508 | Spider | INFO  | 机场[合肥新桥]航班号[CA8934]延误时间[]
2019-06-20 16:27:24,072 | Spider | INFO  | 机场[合肥新桥]航班号[JD5570]延误时间[]
2019-06-20 16:27:28,237 | Spider | INFO  | 机场[合肥新桥]航班号[CZ8516]延误时间[]
2019-06-20 16:27:33,280 | Spider | INFO  | 机场[合肥新桥]航班号[SC8736]延误时间[]
2019-06-20 16:27:33,509 | Spider | INFO  | 机场[合肥新桥]航班号[GX2012]延误时间[]
2019-06-20 16:27:36,587 | Spider | INFO  | [昆明长水]：机场航班信息获取中...
2019-06-20 16:27:47,116 | Spider | INFO  | [昆明长水]机场出场延误航班数：17
2019-06-20 16:27:47,213 | Spider | INFO  | 机场[昆明长水]航班号[QG8815]延误时间[+852]
2019-06-20 16:27:47,277 | Spider | INFO  | 机场[昆明长水]航班号[8L9833N]延误时间[+357]
2019-06-20 16:27:51,213 | Spider | INFO  | 航班：[8L9833N],[计划起飞 10:30 06/20],实际起飞时间：[16:53],出发地：[昆明长水],目的地：[徐州观音T2],计划到达 13:30 06/20 预计到达：[19:12],延误时间：[+357]
2019-06-20 16:27:51,213 | Spider | INFO  | <font color="green">[昆明长水]机场,[8L9833N]航班,[昆明长水]出发,目的地[徐州观音T2],延误时间[+357]</font>
2019-06-20 16:27:55,385 | Spider | INFO  | 机场[昆明长水]航班号[MU5454]延误时间[+197]
2019-06-20 16:27:59,352 | Spider | INFO  | 航班：[MU5454],[计划起飞 13:10 06/20],实际起飞时间：[21:37],出发地：[昆明长水],目的地：[宁波栎社T1],计划到达 16:15 06/20 预计到达：[00:11],延误时间：[+197]
2019-06-20 16:27:59,353 | Spider | INFO  | <font color="green">[昆明长水]机场,[MU5454]航班,[昆明长水]出发,目的地[宁波栎社T1],延误时间[+197]</font>
2019-06-20 16:28:03,469 | Spider | INFO  | 机场[昆明长水]航班号[SC4696]延误时间[+167]
2019-06-20 16:28:03,518 | Spider | INFO  | 机场[昆明长水]航班号[MF8418]延误时间[+47]
2019-06-20 16:28:03,596 | Spider | INFO  | 机场[昆明长水]航班号[MU5791]延误时间[+42]
2019-06-20 16:28:03,676 | Spider | INFO  | 机场[昆明长水]航班号[MU5811]延误时间[+27]
2019-06-20 16:28:03,733 | Spider | INFO  | 机场[昆明长水]航班号[MU5077]延误时间[+2]
2019-06-20 16:28:03,809 | Spider | INFO  | 机场[昆明长水]航班号[MU2775]延误时间[]
2019-06-20 16:28:03,859 | Spider | INFO  | 机场[昆明长水]航班号[KY8205]延误时间[]
2019-06-20 16:28:03,928 | Spider | INFO  | 机场[昆明长水]航班号[MU2756]延误时间[]
2019-06-20 16:28:04,000 | Spider | INFO  | 机场[昆明长水]航班号[9C8730]延误时间[]
2019-06-20 16:28:04,040 | Spider | INFO  | 机场[昆明长水]航班号[3U8201]延误时间[]
2019-06-20 16:28:04,081 | Spider | INFO  | 机场[昆明长水]航班号[MU5576]延误时间[]
2019-06-20 16:28:04,172 | Spider | INFO  | 机场[昆明长水]航班号[MU5548]延误时间[]
2019-06-20 16:28:04,245 | Spider | INFO  | 机场[昆明长水]航班号[MU5646]延误时间[]
2019-06-20 16:28:04,289 | Spider | INFO  | 机场[昆明长水]航班号[MU2864]延误时间[]
2019-06-20 16:28:06,174 | Spider | INFO  | [广州白云]：机场航班信息获取中...
2019-06-20 16:28:16,734 | Spider | INFO  | [广州白云]机场出场延误航班数：15
2019-06-20 16:28:16,842 | Spider | INFO  | 机场[广州白云]航班号[GS7896]延误时间[+53]
2019-06-20 16:28:16,892 | Spider | INFO  | 机场[广州白云]航班号[CZ3235]延误时间[+48]
2019-06-20 16:28:16,989 | Spider | INFO  | 机场[广州白云]航班号[TG669]延误时间[+43]
2019-06-20 16:28:17,047 | Spider | INFO  | 机场[广州白云]航班号[SV885]延误时间[+43]
2019-06-20 16:28:17,113 | Spider | INFO  | 机场[广州白云]航班号[CZ3135]延误时间[+38]
2019-06-20 16:28:17,190 | Spider | INFO  | 机场[广州白云]航班号[MU5238]延误时间[+38]
2019-06-20 16:28:17,280 | Spider | INFO  | 机场[广州白云]航班号[HU7221]延误时间[+33]
2019-06-20 16:28:17,327 | Spider | INFO  | 机场[广州白云]航班号[HU7719]延误时间[]
2019-06-20 16:28:24,882 | Spider | INFO  | 机场[广州白云]航班号[KN5898]延误时间[]
2019-06-20 16:28:25,016 | Spider | INFO  | 机场[广州白云]航班号[ZH9963]延误时间[]
2019-06-20 16:28:25,118 | Spider | INFO  | 机场[广州白云]航班号[MU2918]延误时间[]
2019-06-20 16:28:25,206 | Spider | INFO  | 机场[广州白云]航班号[MU2808]延误时间[]
2019-06-20 16:28:25,329 | Spider | INFO  | 机场[广州白云]航班号[9C8900]延误时间[]
2019-06-20 16:28:25,401 | Spider | INFO  | 机场[广州白云]航班号[CZ3427]延误时间[]
2019-06-20 16:28:25,523 | Spider | INFO  | 机场[广州白云]航班号[HU7802]延误时间[]
2019-06-20 16:28:26,596 | Spider | ERROR | Message: An unknown server-side error occurred while processing the command. Original error: The swipe did not complete successfully

2019-06-20 16:28:26,596 | Spider | ERROR | Message: An unknown server-side error occurred while processing the command. Original error: The swipe did not complete successfully
Traceback (most recent call last):
  File "Login.py", line 233, in run
    self.driver.swipe(500, 1800, 500, 600, 800)
  File "C:\Program Files\Python36\lib\site-packages\appium\webdriver\extensions\action_helpers.py", line 115, in swipe
    action.perform()
  File "C:\Program Files\Python36\lib\site-packages\appium\webdriver\common\touch_action.py", line 103, in perform
    self._driver.execute(Command.TOUCH_ACTION, params)
  File "C:\Program Files\Python36\lib\site-packages\selenium\webdriver\remote\webdriver.py", line 321, in execute
    self.error_handler.check_response(response)
  File "C:\Program Files\Python36\lib\site-packages\appium\webdriver\errorhandler.py", line 29, in check_response
    raise wde
  File "C:\Program Files\Python36\lib\site-packages\appium\webdriver\errorhandler.py", line 24, in check_response
    super(MobileErrorHandler, self).check_response(response)
  File "C:\Program Files\Python36\lib\site-packages\selenium\webdriver\remote\errorhandler.py", line 242, in check_response
    raise exception_class(message, screen, stacktrace)
selenium.common.exceptions.WebDriverException: Message: An unknown server-side error occurred while processing the command. Original error: The swipe did not complete successfully

2019-06-20 16:28:30,724 | Spider | INFO  | [深圳宝安]：机场航班信息获取中...
2019-06-20 16:28:41,240 | Spider | INFO  | [深圳宝安]机场出场延误航班数：20
2019-06-20 16:28:41,297 | Spider | INFO  | 机场[深圳宝安]航班号[CZ3831]延误时间[+88]
2019-06-20 16:28:41,344 | Spider | INFO  | 机场[深圳宝安]航班号[CZ3613]延误时间[+83]
2019-06-20 16:28:41,418 | Spider | INFO  | 机场[深圳宝安]航班号[ZH9513]延误时间[+73]
2019-06-20 16:28:41,547 | Spider | INFO  | 机场[深圳宝安]航班号[CZ6583]延误时间[+53]
2019-06-20 16:28:41,589 | Spider | INFO  | 机场[深圳宝安]航班号[CZ6890]延误时间[+38]
2019-06-20 16:28:41,648 | Spider | INFO  | 机场[深圳宝安]航班号[CA1672]延误时间[+28]
2019-06-20 16:28:41,697 | Spider | INFO  | 机场[深圳宝安]航班号[CZ6358]延误时间[+23]
2019-06-20 16:28:41,789 | Spider | INFO  | 机场[深圳宝安]航班号[HU7715]延误时间[+23]
2019-06-20 16:28:41,869 | Spider | INFO  | 机场[深圳宝安]航班号[ZH9881]延误时间[+18]
2019-06-20 16:28:41,905 | Spider | INFO  | 机场[深圳宝安]航班号[ZH9515]延误时间[+13]
2019-06-20 16:28:42,004 | Spider | INFO  | 机场[深圳宝安]航班号[KN5868]延误时间[]
2019-06-20 16:28:42,083 | Spider | INFO  | 机场[深圳宝安]航班号[CZ8371]延误时间[]
2019-06-20 16:28:42,138 | Spider | INFO  | 机场[深圳宝安]航班号[MI965]延误时间[]
2019-06-20 16:28:42,192 | Spider | INFO  | 机场[深圳宝安]航班号[CZ3563]延误时间[]
2019-06-20 16:28:45,838 | Spider | INFO  | 机场[深圳宝安]航班号[MF8390]延误时间[]
2019-06-20 16:28:45,931 | Spider | INFO  | 机场[深圳宝安]航班号[MU5244]延误时间[]
2019-06-20 16:28:46,022 | Spider | INFO  | 机场[深圳宝安]航班号[MU2888]延误时间[]
2019-06-20 16:28:46,106 | Spider | INFO  | 机场[深圳宝安]航班号[CA1304]延误时间[]
2019-06-20 16:28:46,160 | Spider | INFO  | 机场[深圳宝安]航班号[HO1202]延误时间[]
2019-06-20 16:28:46,219 | Spider | INFO  | 机场[深圳宝安]航班号[CZ6328]延误时间[]
2019-06-20 16:28:47,995 | Spider | INFO  | [上海浦东]：机场航班信息获取中...
2019-06-20 16:29:04,340 | Spider | INFO  | [上海浦东]机场出场延误航班数：20
2019-06-20 16:29:04,399 | Spider | INFO  | 机场[上海浦东]航班号[8Y205]延误时间[+2249]
2019-06-20 16:29:04,467 | Spider | INFO  | 机场[上海浦东]航班号[HO9993]延误时间[+1469]
2019-06-20 16:29:04,549 | Spider | INFO  | 机场[上海浦东]航班号[8Y205]延误时间[+809]
2019-06-20 16:29:04,672 | Spider | INFO  | 机场[上海浦东]航班号[HO9997]延误时间[+509]
2019-06-20 16:29:09,329 | Spider | INFO  | 航班：[HO9997],[计划起飞 08:00 06/20],实际起飞时间：[16:55],出发地：[上海浦东T2],目的地：[哈尔滨太平T2],计划到达 11:00 06/20 预计到达：[19:28],延误时间：[+509]
2019-06-20 16:29:09,329 | Spider | INFO  | <font color="green">[上海浦东]机场,[HO9997]航班,[上海浦东T2]出发,目的地[哈尔滨太平T2],延误时间[+509]</font>
2019-06-20 16:29:13,050 | Spider | INFO  | 机场[上海浦东]航班号[FM9131]延误时间[+434]
2019-06-20 16:29:18,032 | Spider | INFO  | 航班：[FM9131],[计划起飞 09:15 06/20],实际起飞时间：[16:55],出发地：[上海浦东T1],目的地：[天津滨海T2],计划到达 11:25 06/20 预计到达：[18:42],延误时间：[+434]
2019-06-20 16:29:18,032 | Spider | INFO  | <font color="green">[上海浦东]机场,[FM9131]航班,[上海浦东T1]出发,目的地[天津滨海T2],延误时间[+434]</font>
2019-06-20 16:29:19,012 | Spider | INFO  | 机场[上海浦东]航班号[MU9131]延误时间[+434]
2019-06-20 16:29:33,190 | Spider | ERROR | Message: 

2019-06-20 16:29:33,190 | Spider | ERROR | Message: 
Traceback (most recent call last):
  File "Login.py", line 192, in run
    flight_number = self.wait.until(EC.presence_of_all_elements_located((By.ID, 'com.feeyo.vz.pro.cdm:id/tab_layout_txt_title')))
  File "C:\Program Files\Python36\lib\site-packages\selenium\webdriver\support\wait.py", line 80, in until
    raise TimeoutException(message, screen, stacktrace)
selenium.common.exceptions.TimeoutException: Message: 

2019-06-20 16:29:43,724 | Spider | ERROR | Message: 

2019-06-20 16:29:43,724 | Spider | ERROR | Message: 
Traceback (most recent call last):
  File "Login.py", line 128, in run
    airports_name = self.wait.until(EC.presence_of_all_elements_located((By.ID, 'com.feeyo.vz.pro.cdm:id/airport_dynamic_new_txt_state')))
  File "C:\Program Files\Python36\lib\site-packages\selenium\webdriver\support\wait.py", line 80, in until
    raise TimeoutException(message, screen, stacktrace)
selenium.common.exceptions.TimeoutException: Message: 

2019-06-20 16:29:54,240 | Spider | ERROR | Message: 

2019-06-20 16:29:54,240 | Spider | ERROR | Message: 
Traceback (most recent call last):
  File "Login.py", line 128, in run
    airports_name = self.wait.until(EC.presence_of_all_elements_located((By.ID, 'com.feeyo.vz.pro.cdm:id/airport_dynamic_new_txt_state')))
  File "C:\Program Files\Python36\lib\site-packages\selenium\webdriver\support\wait.py", line 80, in until
    raise TimeoutException(message, screen, stacktrace)
selenium.common.exceptions.TimeoutException: Message: 

2019-06-20 16:30:04,399 | Spider | ERROR | Message: 

2019-06-20 16:30:04,399 | Spider | ERROR | Message: 
Traceback (most recent call last):
  File "Login.py", line 128, in run
    airports_name = self.wait.until(EC.presence_of_all_elements_located((By.ID, 'com.feeyo.vz.pro.cdm:id/airport_dynamic_new_txt_state')))
  File "C:\Program Files\Python36\lib\site-packages\selenium\webdriver\support\wait.py", line 80, in until
    raise TimeoutException(message, screen, stacktrace)
selenium.common.exceptions.TimeoutException: Message: 

2019-06-20 16:30:14,840 | Spider | ERROR | Message: 

2019-06-20 16:30:14,840 | Spider | ERROR | Message: 
Traceback (most recent call last):
  File "Login.py", line 128, in run
    airports_name = self.wait.until(EC.presence_of_all_elements_located((By.ID, 'com.feeyo.vz.pro.cdm:id/airport_dynamic_new_txt_state')))
  File "C:\Program Files\Python36\lib\site-packages\selenium\webdriver\support\wait.py", line 80, in until
    raise TimeoutException(message, screen, stacktrace)
selenium.common.exceptions.TimeoutException: Message: 

2019-06-20 16:30:27,485 | Spider | ERROR | Message: 

2019-06-20 16:30:27,485 | Spider | ERROR | Message: 
Traceback (most recent call last):
  File "Login.py", line 128, in run
    airports_name = self.wait.until(EC.presence_of_all_elements_located((By.ID, 'com.feeyo.vz.pro.cdm:id/airport_dynamic_new_txt_state')))
  File "C:\Program Files\Python36\lib\site-packages\selenium\webdriver\support\wait.py", line 80, in until
    raise TimeoutException(message, screen, stacktrace)
selenium.common.exceptions.TimeoutException: Message: 

2019-06-20 16:30:38,500 | Spider | ERROR | Message: 

2019-06-20 16:30:38,500 | Spider | ERROR | Message: 
Traceback (most recent call last):
  File "Login.py", line 128, in run
    airports_name = self.wait.until(EC.presence_of_all_elements_located((By.ID, 'com.feeyo.vz.pro.cdm:id/airport_dynamic_new_txt_state')))
  File "C:\Program Files\Python36\lib\site-packages\selenium\webdriver\support\wait.py", line 80, in until
    raise TimeoutException(message, screen, stacktrace)
selenium.common.exceptions.TimeoutException: Message: 

2019-06-20 16:31:01,570 | Spider | ERROR | Message: 

2019-06-20 16:31:01,570 | Spider | ERROR | Message: 
Traceback (most recent call last):
  File "Login.py", line 128, in run
    airports_name = self.wait.until(EC.presence_of_all_elements_located((By.ID, 'com.feeyo.vz.pro.cdm:id/airport_dynamic_new_txt_state')))
  File "C:\Program Files\Python36\lib\site-packages\selenium\webdriver\support\wait.py", line 80, in until
    raise TimeoutException(message, screen, stacktrace)
selenium.common.exceptions.TimeoutException: Message: 

2019-06-20 16:31:11,710 | Spider | ERROR | Message: 

2019-06-20 16:31:11,710 | Spider | ERROR | Message: 
Traceback (most recent call last):
  File "Login.py", line 128, in run
    airports_name = self.wait.until(EC.presence_of_all_elements_located((By.ID, 'com.feeyo.vz.pro.cdm:id/airport_dynamic_new_txt_state')))
  File "C:\Program Files\Python36\lib\site-packages\selenium\webdriver\support\wait.py", line 80, in until
    raise TimeoutException(message, screen, stacktrace)
selenium.common.exceptions.TimeoutException: Message: 

2019-06-20 16:31:22,105 | Spider | ERROR | Message: 

2019-06-20 16:31:22,106 | Spider | ERROR | Message: 
Traceback (most recent call last):
  File "Login.py", line 128, in run
    airports_name = self.wait.until(EC.presence_of_all_elements_located((By.ID, 'com.feeyo.vz.pro.cdm:id/airport_dynamic_new_txt_state')))
  File "C:\Program Files\Python36\lib\site-packages\selenium\webdriver\support\wait.py", line 80, in until
    raise TimeoutException(message, screen, stacktrace)
selenium.common.exceptions.TimeoutException: Message: 

2019-06-20 16:31:33,495 | Spider | ERROR | Message: 

2019-06-20 16:31:33,496 | Spider | ERROR | Message: 
Traceback (most recent call last):
  File "Login.py", line 128, in run
    airports_name = self.wait.until(EC.presence_of_all_elements_located((By.ID, 'com.feeyo.vz.pro.cdm:id/airport_dynamic_new_txt_state')))
  File "C:\Program Files\Python36\lib\site-packages\selenium\webdriver\support\wait.py", line 80, in until
    raise TimeoutException(message, screen, stacktrace)
selenium.common.exceptions.TimeoutException: Message: 

