2019-06-16 04:15:34,102 | Spider | INFO  | 程序启动中...
2019-06-16 04:15:45,781 | Spider | INFO  | 开始登录,请等待页面加载完成后,扫码登录...
2019-06-16 04:15:53,179 | Spider | INFO  | 等待扫码中...
2019-06-16 04:15:55,190 | Spider | INFO  | 等待扫码中...
2019-06-16 04:15:57,222 | Spider | INFO  | 等待扫码中...
2019-06-16 04:16:00,250 | Spider | INFO  | 登录成功
2019-06-16 04:16:00,257 | Spider | INFO  | 程序开始时间：2019-06-16 04:16:00.256578
2019-06-16 04:16:00,257 | Spider | INFO  | 开始获取出售中的商品信息...
2019-06-16 04:16:09,779 | Spider | INFO  | 出售中的商品数量：27
2019-06-16 04:16:09,817 | Spider | INFO  | 出售中的商品总页数：2
2019-06-16 04:16:09,863 | Spider | INFO  | 获取此商家登陆状态的token成功, token:[a0df7343-b963-4b1f-9126-012e1e1e2e98]
2019-06-16 04:16:14,596 | Spider | INFO  | 出售中的商品即将用来匹配Excel中的编号：['596296372471~BD8023', '596296252629~DV1618', '596973543014~DV0195', '596973511082~B22537', '596885811202~BD8023', '596789086538~B37936', '596788778598~AC8419', '596523789298~B28128W YC', '596289888551~DB3011', '596703490338~Q21903', '596703322456~EE6329', '596685978554~FU6684', '596523737006~BB1835', '596523481562~EF2810', '596523161838~B26279', '596885443218~BB8973', '596703754064~B37342', '596703610013~EF2438', '596703542043~BA7325', '596686342067~BB1826', '596685622822~DY0567', '596272416572~852542-3011', '596685722500~B75571', '596272060739~553558-116', '596235148142~CP9654(2018)', '596406749100~DY0572']
2019-06-16 04:16:14,598 | Spider | INFO  | 开始读取excel中待修改的数据...
2019-06-16 04:16:14,603 | Spider | INFO  | 开始读取 ==》X:\project\project\毒APP爬虫\淘宝价格修改\excel/Jordan.xlsx
2019-06-16 04:16:18,743 | Spider | INFO  | X:\project\project\毒APP爬虫\淘宝价格修改\excel/Jordan.xlsx总条数：3029
2019-06-16 04:16:19,088 | Spider | INFO  | 开始读取 ==》X:\project\project\毒APP爬虫\淘宝价格修改\excel/adidas original.xlsx
2019-06-16 04:16:20,266 | Spider | INFO  | X:\project\project\毒APP爬虫\淘宝价格修改\excel/adidas original.xlsx总条数：852
2019-06-16 04:16:20,365 | Spider | INFO  | 开始读取 ==》X:\project\project\毒APP爬虫\淘宝价格修改\excel/Nike.xlsx
2019-06-16 04:16:33,020 | Spider | INFO  | X:\project\project\毒APP爬虫\淘宝价格修改\excel/Nike.xlsx总条数：8449
2019-06-16 04:16:34,083 | Spider | INFO  | 出售中的商品成功匹配excel数据25条
2019-06-16 04:16:34,084 | Spider | INFO  | 开始修改出售中的商品价格...
2019-06-16 04:16:34,181 | Spider | INFO  | 获取商家编码[BD8023], ID[596296372471]商品详情信息成功, 共存在[2]种商品尺码
2019-06-16 04:16:34,182 | Spider | INFO  | 即将修改商家编码[BD8023], ID[596296372471], 尺码[40]，初始金额[539.00]，Excel金额[539], 增减金额[0], 修改后金额[539.0]的商品信息
2019-06-16 04:16:34,183 | Spider | INFO  | 即将修改商家编码[BD8023], ID[596296372471], 尺码[40.5]，初始金额[539.00]，Excel金额[539], 增减金额[0], 修改后金额[539.0]的商品信息
2019-06-16 04:16:34,368 | Spider | INFO  | 修改商家编码[BD8023], ID[596296372471]价格成功，请刷新后查看...
2019-06-16 04:16:34,463 | Spider | INFO  | 获取商家编码[DV1618], ID[596296252629]商品详情信息成功, 共存在[2]种商品尺码
2019-06-16 04:16:34,658 | Spider | INFO  | 修改商家编码[DV1618], ID[596296252629]价格成功，请刷新后查看...
2019-06-16 04:16:34,751 | Spider | INFO  | 获取商家编码[DV0195], ID[596973543014]商品详情信息成功, 共存在[3]种商品尺码
2019-06-16 04:16:34,960 | Spider | INFO  | 修改商家编码[DV0195], ID[596973543014]价格成功，请刷新后查看...
2019-06-16 04:16:35,048 | Spider | INFO  | 获取商家编码[B22537], ID[596973511082]商品详情信息成功, 共存在[3]种商品尺码
2019-06-16 04:16:35,217 | Spider | INFO  | 修改商家编码[B22537], ID[596973511082]价格成功，请刷新后查看...
2019-06-16 04:16:35,312 | Spider | INFO  | 获取商家编码[BD8023], ID[596885811202]商品详情信息成功, 共存在[3]种商品尺码
2019-06-16 04:16:35,313 | Spider | INFO  | 即将修改商家编码[BD8023], ID[596885811202], 尺码[40]，初始金额[539.00]，Excel金额[539], 增减金额[0], 修改后金额[539.0]的商品信息
2019-06-16 04:16:35,314 | Spider | INFO  | 即将修改商家编码[BD8023], ID[596885811202], 尺码[40.5]，初始金额[539.00]，Excel金额[539], 增减金额[0], 修改后金额[539.0]的商品信息
2019-06-16 04:16:35,315 | Spider | INFO  | 即将修改商家编码[BD8023], ID[596885811202], 尺码[41]，初始金额[539.00]，Excel金额[539], 增减金额[0], 修改后金额[539.0]的商品信息
2019-06-16 04:16:35,491 | Spider | INFO  | 修改商家编码[BD8023], ID[596885811202]价格成功，请刷新后查看...
2019-06-16 04:16:35,567 | Spider | INFO  | 获取商家编码[B37936], ID[596789086538]商品详情信息成功, 共存在[3]种商品尺码
2019-06-16 04:16:35,568 | Spider | INFO  | 即将修改商家编码[B37936], ID[596789086538], 尺码[40]，初始金额[549.00]，Excel金额[549], 增减金额[0], 修改后金额[549.0]的商品信息
2019-06-16 04:16:35,569 | Spider | INFO  | 即将修改商家编码[B37936], ID[596789086538], 尺码[40.5]，初始金额[549.00]，Excel金额[549], 增减金额[0], 修改后金额[549.0]的商品信息
2019-06-16 04:16:35,570 | Spider | INFO  | 即将修改商家编码[B37936], ID[596789086538], 尺码[41]，初始金额[549.00]，Excel金额[549], 增减金额[0], 修改后金额[549.0]的商品信息
2019-06-16 04:16:35,901 | Spider | INFO  | 修改商家编码[B37936], ID[596789086538]价格成功，请刷新后查看...
2019-06-16 04:16:35,985 | Spider | INFO  | 获取商家编码[AC8419], ID[596788778598]商品详情信息成功, 共存在[3]种商品尺码
2019-06-16 04:16:36,181 | Spider | INFO  | 修改商家编码[AC8419], ID[596788778598]价格成功，请刷新后查看...
2019-06-16 04:16:36,262 | Spider | INFO  | 获取商家编码[B28128W YC], ID[596523789298]商品详情信息成功, 共存在[2]种商品尺码
2019-06-16 04:16:36,429 | Spider | INFO  | 修改商家编码[B28128W YC], ID[596523789298]价格成功，请刷新后查看...
2019-06-16 04:16:36,516 | Spider | INFO  | 获取商家编码[DB3011], ID[596289888551]商品详情信息成功, 共存在[2]种商品尺码
2019-06-16 04:16:36,519 | Spider | INFO  | 即将修改商家编码[DB3011], ID[596289888551], 尺码[40.5]，初始金额[909.00]，Excel金额[909], 增减金额[0], 修改后金额[909.0]的商品信息
2019-06-16 04:16:36,520 | Spider | INFO  | 即将修改商家编码[DB3011], ID[596289888551], 尺码[41]，初始金额[879.00]，Excel金额[879], 增减金额[0], 修改后金额[879.0]的商品信息
2019-06-16 04:16:36,687 | Spider | INFO  | 修改商家编码[DB3011], ID[596289888551]价格成功，请刷新后查看...
2019-06-16 04:16:36,688 | Spider | INFO  | 程序等待60秒后继续运行：防止操作太快出错
2019-06-16 04:16:39,773 | Spider | INFO  | 获取商家编码[Q21903], ID[596703490338]商品详情信息成功, 共存在[3]种商品尺码
2019-06-16 04:16:39,965 | Spider | INFO  | 修改商家编码[Q21903], ID[596703490338]价格成功，请刷新后查看...
2019-06-16 04:16:40,044 | Spider | INFO  | 获取商家编码[EE6329], ID[596703322456]商品详情信息成功, 共存在[2]种商品尺码
2019-06-16 04:16:40,045 | Spider | INFO  | 即将修改商家编码[EE6329], ID[596703322456], 尺码[40.5]，初始金额[639.00]，Excel金额[639], 增减金额[0], 修改后金额[639.0]的商品信息
2019-06-16 04:16:40,046 | Spider | INFO  | 即将修改商家编码[EE6329], ID[596703322456], 尺码[41]，初始金额[639.00]，Excel金额[639], 增减金额[0], 修改后金额[639.0]的商品信息
2019-06-16 04:16:40,217 | Spider | INFO  | 修改商家编码[EE6329], ID[596703322456]价格成功，请刷新后查看...
2019-06-16 04:16:40,325 | Spider | INFO  | 获取商家编码[FU6684], ID[596685978554]商品详情信息成功, 共存在[3]种商品尺码
2019-06-16 04:16:40,327 | Spider | INFO  | 即将修改商家编码[FU6684], ID[596685978554], 尺码[39]，初始金额[2379.00]，Excel金额[2379], 增减金额[0], 修改后金额[2379.0]的商品信息
2019-06-16 04:16:40,328 | Spider | INFO  | 即将修改商家编码[FU6684], ID[596685978554], 尺码[40]，初始金额[2289.00]，Excel金额[2289], 增减金额[0], 修改后金额[2289.0]的商品信息
2019-06-16 04:16:40,329 | Spider | INFO  | 即将修改商家编码[FU6684], ID[596685978554], 尺码[41]，初始金额[2579.00]，Excel金额[2579], 增减金额[0], 修改后金额[2579.0]的商品信息
2019-06-16 04:16:40,498 | Spider | INFO  | 修改商家编码[FU6684], ID[596685978554]价格成功，请刷新后查看...
2019-06-16 04:16:40,580 | Spider | INFO  | 获取商家编码[BB1835], ID[596523737006]商品详情信息成功, 共存在[2]种商品尺码
2019-06-16 04:16:40,758 | Spider | INFO  | 修改商家编码[BB1835], ID[596523737006]价格成功，请刷新后查看...
2019-06-16 04:16:40,848 | Spider | INFO  | 获取商家编码[EF2810], ID[596523481562]商品详情信息成功, 共存在[2]种商品尺码
2019-06-16 04:16:40,848 | Spider | INFO  | 即将修改商家编码[EF2810], ID[596523481562], 尺码[40.5]，初始金额[1399.00]，Excel金额[1399], 增减金额[0], 修改后金额[1399.0]的商品信息
2019-06-16 04:16:40,849 | Spider | INFO  | 即将修改商家编码[EF2810], ID[596523481562], 尺码[41]，初始金额[1019.00]，Excel金额[1019], 增减金额[0], 修改后金额[1019.0]的商品信息
2019-06-16 04:16:41,030 | Spider | INFO  | 修改商家编码[EF2810], ID[596523481562]价格成功，请刷新后查看...
2019-06-16 04:16:41,114 | Spider | INFO  | 获取商家编码[B26279], ID[596523161838]商品详情信息成功, 共存在[3]种商品尺码
2019-06-16 04:16:41,306 | Spider | INFO  | 修改商家编码[B26279], ID[596523161838]价格成功，请刷新后查看...
2019-06-16 04:16:41,396 | Spider | INFO  | 获取商家编码[BB8973], ID[596885443218]商品详情信息成功, 共存在[3]种商品尺码
2019-06-16 04:16:41,576 | Spider | INFO  | 修改商家编码[BB8973], ID[596885443218]价格成功，请刷新后查看...
2019-06-16 04:16:41,654 | Spider | INFO  | 获取商家编码[B37342], ID[596703754064]商品详情信息成功, 共存在[2]种商品尺码
2019-06-16 04:16:41,655 | Spider | INFO  | 即将修改商家编码[B37342], ID[596703754064], 尺码[40.5]，初始金额[1299.00]，Excel金额[1299], 增减金额[0], 修改后金额[1299.0]的商品信息
2019-06-16 04:16:41,656 | Spider | INFO  | 即将修改商家编码[B37342], ID[596703754064], 尺码[41]，初始金额[999.00]，Excel金额[999], 增减金额[0], 修改后金额[999.0]的商品信息
2019-06-16 04:16:41,825 | Spider | INFO  | 修改商家编码[B37342], ID[596703754064]价格成功，请刷新后查看...
2019-06-16 04:16:41,913 | Spider | INFO  | 获取商家编码[EF2438], ID[596703610013]商品详情信息成功, 共存在[2]种商品尺码
2019-06-16 04:16:41,914 | Spider | INFO  | 即将修改商家编码[EF2438], ID[596703610013], 尺码[40.5]，初始金额[2499.00]，Excel金额[2499], 增减金额[0], 修改后金额[2499.0]的商品信息
2019-06-16 04:16:41,914 | Spider | INFO  | 即将修改商家编码[EF2438], ID[596703610013], 尺码[41]，初始金额[2309.00]，Excel金额[2309], 增减金额[0], 修改后金额[2309.0]的商品信息
2019-06-16 04:16:42,097 | Spider | INFO  | 修改商家编码[EF2438], ID[596703610013]价格成功，请刷新后查看...
2019-06-16 04:16:42,187 | Spider | INFO  | 获取商家编码[BA7325], ID[596703542043]商品详情信息成功, 共存在[2]种商品尺码
2019-06-16 04:16:42,188 | Spider | INFO  | 即将修改商家编码[BA7325], ID[596703542043], 尺码[40.5]，初始金额[2829.00]，Excel金额[2829], 增减金额[0], 修改后金额[2829.0]的商品信息
2019-06-16 04:16:42,189 | Spider | INFO  | 即将修改商家编码[BA7325], ID[596703542043], 尺码[41]，初始金额[2299.00]，Excel金额[2299], 增减金额[0], 修改后金额[2299.0]的商品信息
2019-06-16 04:16:42,381 | Spider | INFO  | 修改商家编码[BA7325], ID[596703542043]价格成功，请刷新后查看...
2019-06-16 04:16:42,383 | Spider | INFO  | 程序等待60秒后继续运行：防止操作太快出错
2019-06-16 04:16:45,516 | Spider | INFO  | 获取商家编码[BB1826], ID[596686342067]商品详情信息成功, 共存在[3]种商品尺码
2019-06-16 04:16:45,516 | Spider | INFO  | 即将修改商家编码[BB1826], ID[596686342067], 尺码[40]，初始金额[6059.00]，Excel金额[6059], 增减金额[0], 修改后金额[6059.0]的商品信息
2019-06-16 04:16:45,517 | Spider | INFO  | 即将修改商家编码[BB1826], ID[596686342067], 尺码[41]，初始金额[7329.00]，Excel金额[7329], 增减金额[0], 修改后金额[7329.0]的商品信息
2019-06-16 04:16:45,518 | Spider | INFO  | 即将修改商家编码[BB1826], ID[596686342067], 尺码[42]，初始金额[5729.00]，Excel金额[5729], 增减金额[0], 修改后金额[5729.0]的商品信息
2019-06-16 04:16:45,696 | Spider | INFO  | 修改商家编码[BB1826], ID[596686342067]价格成功，请刷新后查看...
2019-06-16 04:16:45,775 | Spider | INFO  | 获取商家编码[DY0567], ID[596685622822]商品详情信息成功, 共存在[3]种商品尺码
2019-06-16 04:16:45,974 | Spider | INFO  | 修改商家编码[DY0567], ID[596685622822]价格成功，请刷新后查看...
2019-06-16 04:16:46,054 | Spider | INFO  | 获取商家编码[B75571], ID[596685722500]商品详情信息成功, 共存在[3]种商品尺码
2019-06-16 04:16:46,055 | Spider | INFO  | 即将修改商家编码[B75571], ID[596685722500], 尺码[40]，初始金额[2999.00]，Excel金额[2999], 增减金额[0], 修改后金额[2999.0]的商品信息
2019-06-16 04:16:46,056 | Spider | INFO  | 即将修改商家编码[B75571], ID[596685722500], 尺码[41]，初始金额[3019.00]，Excel金额[3019], 增减金额[0], 修改后金额[3019.0]的商品信息
2019-06-16 04:16:46,056 | Spider | INFO  | 即将修改商家编码[B75571], ID[596685722500], 尺码[42]，初始金额[3099.00]，Excel金额[3099], 增减金额[0], 修改后金额[3099.0]的商品信息
2019-06-16 04:16:46,225 | Spider | INFO  | 修改商家编码[B75571], ID[596685722500]价格成功，请刷新后查看...
2019-06-16 04:16:46,307 | Spider | INFO  | 获取商家编码[553558-116], ID[596272060739]商品详情信息成功, 共存在[3]种商品尺码
2019-06-16 04:16:46,308 | Spider | INFO  | 即将修改商家编码[553558-116], ID[596272060739], 尺码[40]，初始金额[899.00]，Excel金额[899], 增减金额[0], 修改后金额[899.0]的商品信息
2019-06-16 04:16:46,309 | Spider | INFO  | 即将修改商家编码[553558-116], ID[596272060739], 尺码[41]，初始金额[899.00]，Excel金额[899], 增减金额[0], 修改后金额[899.0]的商品信息
2019-06-16 04:16:46,311 | Spider | INFO  | 即将修改商家编码[553558-116], ID[596272060739], 尺码[42]，初始金额[879.00]，Excel金额[879], 增减金额[0], 修改后金额[879.0]的商品信息
2019-06-16 04:16:46,503 | Spider | INFO  | 修改商家编码[553558-116], ID[596272060739]价格成功，请刷新后查看...
2019-06-16 04:16:46,595 | Spider | INFO  | 获取商家编码[CP9654(2018)], ID[596235148142]商品详情信息成功, 共存在[2]种商品尺码
2019-06-16 04:16:46,596 | Spider | INFO  | 即将修改商家编码[CP9654(2018)], ID[596235148142], 尺码[42]，初始金额[2859.00]，Excel金额[2859], 增减金额[0], 修改后金额[2859.0]的商品信息
2019-06-16 04:16:46,596 | Spider | INFO  | 即将修改商家编码[CP9654(2018)], ID[596235148142], 尺码[41]，初始金额[2919.00]，Excel金额[2919], 增减金额[0], 修改后金额[2919.0]的商品信息
2019-06-16 04:16:46,818 | Spider | INFO  | 修改商家编码[CP9654(2018)], ID[596235148142]价格成功，请刷新后查看...
2019-06-16 04:16:46,904 | Spider | INFO  | 获取商家编码[DY0572], ID[596406749100]商品详情信息成功, 共存在[2]种商品尺码
2019-06-16 04:16:47,062 | Spider | INFO  | 修改商家编码[DY0572], ID[596406749100]价格成功，请刷新后查看...
2019-06-16 04:16:47,063 | Spider | INFO  | 所有商品更新完成
2019-06-16 04:16:47,064 | Spider | INFO  | 总计匹配[25]条商品信息, 修改成功[25]条，修改失败[0]条，失败原因请查看更新日志! ]
2019-06-16 04:16:47,065 | Spider | INFO  | 程序执行用时：0:00:46.807068s
