2019-06-28 17:06:03,792 | Spider | INFO  | 机场航班信息实时监测系统启动中...
2019-06-28 17:06:03,916 | Spider | INFO  | 设备连接成功：[d750dac5]
2019-06-28 17:06:03,918 | Spider | INFO  | 读取已处理航班记录成功!
2019-06-28 17:06:19,429 | Spider | INFO  | 监测账号是否登录...
2019-06-28 17:06:20,331 | Spider | INFO  | 账号已登录!
2019-06-28 17:06:20,625 | Spider | INFO  | 开始监控关注机场
2019-06-28 17:06:23,734 | Spider | INFO  | 监控机场数量：关注机场35
2019-06-28 17:06:25,144 | Spider | INFO  | [昆明长水]：机场航班信息获取中...
2019-06-28 17:06:33,639 | Spider | INFO  | <font color="red">航班延误时间计算中,请稍后...</font>
2019-06-28 17:06:44,818 | Spider | INFO  | <font color="green">[KA761]航班延误时间计算中...</font>
2019-06-28 17:06:45,061 | Spider | INFO  | KA761 香港 15:15 17:30
2019-06-28 17:06:45,061 | Spider | INFO  | <font color="red">机场[昆明长水]航班号[KA761]出发地[昆明长水]目的地[香港]延误时间[135],不符合条件</font>
2019-06-28 17:06:45,156 | Spider | INFO  | <font color="green">[MU5980]航班延误时间计算中...</font>
2019-06-28 17:06:45,376 | Spider | INFO  | MU5980 上海虹桥 16:00 17:26
2019-06-28 17:06:45,377 | Spider | INFO  | <font color="red">机场[昆明长水]航班号[MU5980]出发地[昆明长水]目的地[上海虹桥]延误时间[86],不符合条件</font>
2019-06-28 17:06:45,419 | Spider | INFO  | <font color="green">[ZH8794]航班延误时间计算中...</font>
2019-06-28 17:06:45,677 | Spider | INFO  | ZH8794 泉州 16:30 17:16
2019-06-28 17:06:45,678 | Spider | INFO  | <font color="red">机场[昆明长水]航班号[ZH8794]出发地[昆明长水]目的地[泉州]延误时间[46],不符合条件</font>
2019-06-28 17:06:45,747 | Spider | INFO  | <font color="green">[MU2775]航班延误时间计算中...</font>
2019-06-28 17:06:46,031 | Spider | INFO  | MU2775 淮安 16:35 17:20
2019-06-28 17:06:46,032 | Spider | INFO  | <font color="red">机场[昆明长水]航班号[MU2775]出发地[昆明长水]目的地[淮安]延误时间[45],不符合条件</font>
2019-06-28 17:06:46,090 | Spider | INFO  | <font color="green">[MU5781]航班延误时间计算中...</font>
2019-06-28 17:06:46,295 | Spider | INFO  | MU5781 厦门 16:55 17:20
2019-06-28 17:06:46,295 | Spider | INFO  | <font color="red">机场[昆明长水]航班号[MU5781]出发地[昆明长水]目的地[厦门]延误时间[25],不符合条件</font>
2019-06-28 17:06:46,333 | Spider | INFO  | <font color="green">[MU5734]航班延误时间计算中...</font>
2019-06-28 17:06:46,500 | Spider | INFO  | MU5734 大理 17:15 17:29
2019-06-28 17:06:46,501 | Spider | INFO  | <font color="red">机场[昆明长水]航班号[MU5734]出发地[昆明长水]目的地[大理]延误时间[14],不符合条件</font>
2019-06-28 17:06:46,536 | Spider | INFO  | <font color="green">[8L9931]航班延误时间计算中...</font>
2019-06-28 17:06:46,606 | Spider | INFO  | 8L9931 芒市 17:25 20:01
2019-06-28 17:06:46,607 | Spider | INFO  | <font color="green">content:机场[昆明长水]航班号[8L9931]出发地[昆明长水]目的地[芒市]延误时间[156]</font>
2019-06-28 17:06:47,968 | Spider | INFO  | <font color="green">[CZ6428]航班延误时间计算中...</font>
2019-06-28 17:06:49,280 | Spider | INFO  | CZ6428 长沙 17:45 18:45
2019-06-28 17:06:49,280 | Spider | INFO  | <font color="red">机场[昆明长水]航班号[CZ6428]出发地[昆明长水]目的地[长沙]延误时间[60],不符合条件</font>
2019-06-28 17:06:49,397 | Spider | INFO  | <font color="green">[8L801]航班延误时间计算中...</font>
2019-06-28 17:06:49,978 | Spider | INFO  | 8L801 曼谷 18:30 20:50
2019-06-28 17:06:49,979 | Spider | INFO  | <font color="red">机场[昆明长水]航班号[8L801]出发地[昆明长水]目的地[曼谷]延误时间[140],不符合条件</font>
2019-06-28 17:06:50,069 | Spider | INFO  | <font color="green">[MU5576]航班延误时间计算中...</font>
2019-06-28 17:06:50,277 | Spider | INFO  | MU5576 郑州 18:35 18:35
2019-06-28 17:06:50,278 | Spider | INFO  | <font color="red">机场[昆明长水]航班号[MU5576]出发地[昆明长水]目的地[郑州]延误时间[0],不符合条件</font>
2019-06-28 17:06:50,308 | Spider | INFO  | <font color="green">[MU5330]航班延误时间计算中...</font>
2019-06-28 17:06:50,544 | Spider | INFO  | MU5330 合肥 18:45 20:00
2019-06-28 17:06:50,546 | Spider | INFO  | <font color="red">机场[昆明长水]航班号[MU5330]出发地[昆明长水]目的地[合肥]延误时间[75],不符合条件</font>
2019-06-28 17:06:50,549 | Spider | INFO  | 更新航班记录成功!
2019-06-28 17:06:50,550 | Spider | INFO  | 读取已处理航班记录成功!
2019-06-28 17:06:53,378 | Spider | INFO  | [北京首都]：机场航班信息获取中...
2019-06-28 17:07:03,799 | Spider | INFO  | <font color="red">航班延误时间计算中,请稍后...</font>
2019-06-28 17:07:19,228 | Spider | INFO  | <font color="green">[CA991]航班延误时间计算中...</font>
2019-06-28 17:07:19,616 | Spider | INFO  | CA991 温哥华 15:25 17:29
2019-06-28 17:07:19,617 | Spider | INFO  | <font color="red">机场[北京首都]航班号[CA991]出发地[北京首都]目的地[温哥华]延误时间[124],不符合条件</font>
2019-06-28 17:07:19,739 | Spider | INFO  | <font color="green">[CZ6027]航班延误时间计算中...</font>
2019-06-28 17:07:19,960 | Spider | INFO  | CZ6027 塔什干 16:00 17:19
2019-06-28 17:07:19,961 | Spider | INFO  | <font color="red">机场[北京首都]航班号[CZ6027]出发地[北京首都]目的地[塔什干]延误时间[79],不符合条件</font>
2019-06-28 17:07:20,017 | Spider | INFO  | <font color="green">[CA1407]航班延误时间计算中...</font>
2019-06-28 17:07:20,261 | Spider | INFO  | CA1407 成都 16:00 17:20
2019-06-28 17:07:20,262 | Spider | INFO  | <font color="red">机场[北京首都]航班号[CA1407]出发地[北京首都]目的地[成都]延误时间[80],不符合条件</font>
2019-06-28 17:07:20,311 | Spider | INFO  | <font color="green">[CA1291]航班延误时间计算中...</font>
2019-06-28 17:07:20,445 | Spider | INFO  | CA1291 乌鲁木齐 16:05 17:20
2019-06-28 17:07:20,446 | Spider | INFO  | <font color="red">机场[北京首都]航班号[CA1291]出发地[北京首都]目的地[乌鲁木齐]延误时间[75],不符合条件</font>
2019-06-28 17:07:20,495 | Spider | INFO  | <font color="green">[CA1363]航班延误时间计算中...</font>
2019-06-28 17:07:20,600 | Spider | INFO  | CA1363 长沙 16:05 17:19
2019-06-28 17:07:20,601 | Spider | INFO  | <font color="red">机场[北京首都]航班号[CA1363]出发地[北京首都]目的地[长沙]延误时间[74],不符合条件</font>
2019-06-28 17:07:20,655 | Spider | INFO  | <font color="green">[CA1221]航班延误时间计算中...</font>
2019-06-28 17:07:20,852 | Spider | INFO  | CA1221 兰州 16:05 17:21
2019-06-28 17:07:20,852 | Spider | INFO  | <font color="red">机场[北京首都]航班号[CA1221]出发地[北京首都]目的地[兰州]延误时间[76],不符合条件</font>
2019-06-28 17:07:20,894 | Spider | INFO  | <font color="green">[MF8102]航班延误时间计算中...</font>
2019-06-28 17:07:21,059 | Spider | INFO  | MF8102 厦门 16:15 17:21
2019-06-28 17:07:21,060 | Spider | INFO  | <font color="red">机场[北京首都]航班号[MF8102]出发地[北京首都]目的地[厦门]延误时间[66],不符合条件</font>
2019-06-28 17:07:21,134 | Spider | INFO  | <font color="green">[CA855]航班延误时间计算中...</font>
2019-06-28 17:07:23,644 | Spider | INFO  | CA855 伦敦 16:15 17:18
2019-06-28 17:07:23,645 | Spider | INFO  | <font color="red">机场[北京首都]航班号[CA855]出发地[北京首都]目的地[伦敦]延误时间[63],不符合条件</font>
2019-06-28 17:07:23,741 | Spider | INFO  | <font color="green">[CA1807]航班延误时间计算中...</font>
2019-06-28 17:07:24,113 | Spider | INFO  | CA1807 福州 16:20 17:19
2019-06-28 17:07:24,114 | Spider | INFO  | <font color="red">机场[北京首都]航班号[CA1807]出发地[北京首都]目的地[福州]延误时间[59],不符合条件</font>
2019-06-28 17:07:24,260 | Spider | INFO  | <font color="green">[JL22]航班延误时间计算中...</font>
2019-06-28 17:07:24,533 | Spider | INFO  | JL22 东京羽田 16:20 17:21
2019-06-28 17:07:24,533 | Spider | INFO  | <font color="red">机场[北京首都]航班号[JL22]出发地[北京首都]目的地[东京羽田]延误时间[61],不符合条件</font>
2019-06-28 17:07:24,585 | Spider | INFO  | <font color="green">[UA889]航班延误时间计算中...</font>
2019-06-28 17:07:24,835 | Spider | INFO  | UA889 旧金山 16:25 17:21
2019-06-28 17:07:24,837 | Spider | INFO  | <font color="red">机场[北京首都]航班号[UA889]出发地[北京首都]目的地[旧金山]延误时间[56],不符合条件</font>
2019-06-28 17:07:24,894 | Spider | INFO  | <font color="green">[CZ323]航班延误时间计算中...</font>
2019-06-28 17:07:25,053 | Spider | INFO  | CZ323 广州 16:30 17:19
2019-06-28 17:07:25,054 | Spider | INFO  | <font color="red">机场[北京首都]航班号[CZ323]出发地[北京首都]目的地[广州]延误时间[49],不符合条件</font>
2019-06-28 17:07:25,085 | Spider | INFO  | <font color="green">[MU781]航班延误时间计算中...</font>
2019-06-28 17:07:25,294 | Spider | INFO  | MU781 登巴萨 16:30 17:19
2019-06-28 17:07:25,295 | Spider | INFO  | <font color="red">机场[北京首都]航班号[MU781]出发地[北京首都]目的地[登巴萨]延误时间[49],不符合条件</font>
2019-06-28 17:07:25,354 | Spider | INFO  | <font color="green">[CA1571]航班延误时间计算中...</font>
2019-06-28 17:07:25,654 | Spider | INFO  | CA1571 青岛 16:30 17:19
2019-06-28 17:07:25,655 | Spider | INFO  | <font color="red">机场[北京首都]航班号[CA1571]出发地[北京首都]目的地[青岛]延误时间[49],不符合条件</font>
2019-06-28 17:07:25,739 | Spider | INFO  | <font color="green">[MU5294]航班延误时间计算中...</font>
2019-06-28 17:07:25,896 | Spider | INFO  | MU5294 太原 16:35 17:19
2019-06-28 17:07:25,897 | Spider | INFO  | <font color="red">机场[北京首都]航班号[MU5294]出发地[北京首都]目的地[太原]延误时间[44],不符合条件</font>
2019-06-28 17:07:25,971 | Spider | INFO  | <font color="green">[SQ807]航班延误时间计算中...</font>
2019-06-28 17:07:26,195 | Spider | INFO  | SQ807 新加坡 16:35 17:21
2019-06-28 17:07:26,196 | Spider | INFO  | <font color="red">机场[北京首都]航班号[SQ807]出发地[北京首都]目的地[新加坡]延误时间[46],不符合条件</font>
2019-06-28 17:07:27,379 | Spider | INFO  | <font color="green">[CX331]航班延误时间计算中...</font>
2019-06-28 17:07:28,672 | Spider | INFO  | CX331 香港 16:40 17:35
2019-06-28 17:07:28,672 | Spider | INFO  | <font color="red">机场[北京首都]航班号[CX331]出发地[北京首都]目的地[香港]延误时间[55],不符合条件</font>
2019-06-28 17:07:28,968 | Spider | INFO  | <font color="green">[DL188]航班延误时间计算中...</font>
2019-06-28 17:07:29,360 | Spider | INFO  | DL188 底特律 16:50 17:25
2019-06-28 17:07:29,362 | Spider | INFO  | <font color="red">机场[北京首都]航班号[DL188]出发地[北京首都]目的地[底特律]延误时间[35],不符合条件</font>
2019-06-28 17:07:29,504 | Spider | INFO  | <font color="green">[PK853]航班延误时间计算中...</font>
2019-06-28 17:07:29,803 | Spider | INFO  | PK853 伊斯兰堡 17:45 19:34
2019-06-28 17:07:29,805 | Spider | INFO  | <font color="red">机场[北京首都]航班号[PK853]出发地[北京首都]目的地[伊斯兰堡]延误时间[109],不符合条件</font>
2019-06-28 17:07:29,917 | Spider | INFO  | <font color="green">[CZ6218]航班延误时间计算中...</font>
2019-06-28 17:07:30,103 | Spider | INFO  | CZ6218 哈尔滨 17:50 19:23
2019-06-28 17:07:30,103 | Spider | INFO  | <font color="red">机场[北京首都]航班号[CZ6218]出发地[北京首都]目的地[哈尔滨]延误时间[93],不符合条件</font>
2019-06-28 17:07:30,104 | Spider | INFO  | 更新航班记录成功!
2019-06-28 17:07:30,104 | Spider | INFO  | 读取已处理航班记录成功!
2019-06-28 17:07:45,671 | Spider | INFO  | [CA855]航班已处理
2019-06-28 17:07:45,718 | Spider | INFO  | [CA1807]航班已处理
2019-06-28 17:07:45,840 | Spider | INFO  | [JL22]航班已处理
2019-06-28 17:07:45,884 | Spider | INFO  | [UA889]航班已处理
2019-06-28 17:07:45,937 | Spider | INFO  | [CZ323]航班已处理
2019-06-28 17:07:45,972 | Spider | INFO  | [MU781]航班已处理
2019-06-28 17:07:46,003 | Spider | INFO  | [CA1571]航班已处理
2019-06-28 17:07:46,174 | Spider | INFO  | [MU5294]航班已处理
2019-06-28 17:07:46,211 | Spider | INFO  | [SQ807]航班已处理
2019-06-28 17:07:46,269 | Spider | INFO  | [CX331]航班已处理
2019-06-28 17:07:46,307 | Spider | INFO  | [DL188]航班已处理
2019-06-28 17:07:49,358 | Spider | INFO  | [大连]：机场航班信息获取中...
2019-06-28 17:07:57,995 | Spider | INFO  | <font color="red">航班延误时间计算中,请稍后...</font>
2019-06-28 17:08:03,418 | Spider | INFO  | <font color="green">[CZ6514]航班延误时间计算中...</font>
2019-06-28 17:08:03,756 | Spider | INFO  | CZ6514 武汉 15:25 17:19
2019-06-28 17:08:03,758 | Spider | INFO  | <font color="red">机场[大连]航班号[CZ6514]出发地[大连]目的地[武汉]延误时间[114],不符合条件</font>
2019-06-28 17:08:03,940 | Spider | INFO  | <font color="green">[CZ3986]航班延误时间计算中...</font>
2019-06-28 17:08:04,203 | Spider | INFO  | CZ3986 南京 16:25 17:19
2019-06-28 17:08:04,204 | Spider | INFO  | <font color="red">机场[大连]航班号[CZ3986]出发地[大连]目的地[南京]延误时间[54],不符合条件</font>
2019-06-28 17:08:04,258 | Spider | INFO  | <font color="green">[8L9892]航班延误时间计算中...</font>
2019-06-28 17:08:04,448 | Spider | INFO  | 8L9892 武汉 16:55 17:44
2019-06-28 17:08:04,450 | Spider | INFO  | <font color="red">机场[大连]航班号[8L9892]出发地[大连]目的地[武汉]延误时间[49],不符合条件</font>
2019-06-28 17:08:04,495 | Spider | INFO  | <font color="green">[GS7826]航班延误时间计算中...</font>
2019-06-28 17:08:07,388 | Spider | INFO  | GS7826 天津 17:40 18:00
2019-06-28 17:08:07,389 | Spider | INFO  | <font color="red">机场[大连]航班号[GS7826]出发地[大连]目的地[天津]延误时间[20],不符合条件</font>
2019-06-28 17:08:07,472 | Spider | INFO  | <font color="green">[MF8086]航班延误时间计算中...</font>
2019-06-28 17:08:07,619 | Spider | INFO  | MF8086 南京 18:55 20:15
2019-06-28 17:08:07,620 | Spider | INFO  | <font color="red">机场[大连]航班号[MF8086]出发地[大连]目的地[南京]延误时间[80],不符合条件</font>
2019-06-28 17:08:07,621 | Spider | INFO  | 更新航班记录成功!
2019-06-28 17:08:07,621 | Spider | INFO  | 读取已处理航班记录成功!
2019-06-28 17:08:10,642 | Spider | INFO  | [杭州萧山]：机场航班信息获取中...
2019-06-28 17:08:19,461 | Spider | INFO  | <font color="red">航班延误时间计算中,请稍后...</font>
2019-06-28 17:08:36,146 | Spider | INFO  | <font color="green">[HU7411]航班延误时间计算中...</font>
2019-06-28 17:08:36,275 | Spider | INFO  | HU7411 呼和浩特 14:30 18:01
2019-06-28 17:08:36,276 | Spider | INFO  | <font color="green">content:机场[杭州萧山]航班号[HU7411]出发地[杭州萧山]目的地[呼和浩特]延误时间[211]</font>
2019-06-28 17:08:39,264 | Spider | INFO  | <font color="green">[CA1785]航班延误时间计算中...</font>
2019-06-28 17:08:39,805 | Spider | INFO  | CA1785 银川 15:05 17:21
2019-06-28 17:08:39,806 | Spider | INFO  | <font color="red">机场[杭州萧山]航班号[CA1785]出发地[杭州萧山]目的地[银川]延误时间[136],不符合条件</font>
2019-06-28 17:08:39,851 | Spider | INFO  | <font color="green">[MU5583]航班延误时间计算中...</font>
2019-06-28 17:08:40,114 | Spider | INFO  | MU5583 武汉 15:25 17:45
2019-06-28 17:08:40,115 | Spider | INFO  | <font color="red">机场[杭州萧山]航班号[MU5583]出发地[杭州萧山]目的地[武汉]延误时间[140],不符合条件</font>
2019-06-28 17:08:40,179 | Spider | INFO  | <font color="green">[NX225]航班延误时间计算中...</font>
2019-06-28 17:08:40,495 | Spider | INFO  | NX225 澳门 15:25 17:30
2019-06-28 17:08:40,496 | Spider | INFO  | <font color="red">机场[杭州萧山]航班号[NX225]出发地[杭州萧山]目的地[澳门]延误时间[125],不符合条件</font>
2019-06-28 17:08:40,613 | Spider | INFO  | <font color="green">[CZ6920]航班延误时间计算中...</font>
2019-06-28 17:08:40,938 | Spider | INFO  | CZ6920 乌鲁木齐 15:40 18:48
2019-06-28 17:08:40,938 | Spider | INFO  | <font color="green">content:机场[杭州萧山]航班号[CZ6920]出发地[杭州萧山]目的地[乌鲁木齐]延误时间[188]</font>
2019-06-28 17:08:41,323 | Spider | INFO  | <font color="green">[KA621]航班延误时间计算中...</font>
2019-06-28 17:08:41,531 | Spider | INFO  | KA621 香港 15:50 17:21
2019-06-28 17:08:41,531 | Spider | INFO  | <font color="red">机场[杭州萧山]航班号[KA621]出发地[杭州萧山]目的地[香港]延误时间[91],不符合条件</font>
2019-06-28 17:08:41,572 | Spider | INFO  | <font color="green">[GJ8779]航班延误时间计算中...</font>
2019-06-28 17:08:44,821 | Spider | INFO  | GJ8779 汉中 15:55 19:07
2019-06-28 17:08:44,822 | Spider | INFO  | <font color="green">content:机场[杭州萧山]航班号[GJ8779]出发地[杭州萧山]目的地[汉中]延误时间[192]</font>
2019-06-28 17:08:45,281 | Spider | INFO  | <font color="green">[GS7470]航班延误时间计算中...</font>
2019-06-28 17:08:45,437 | Spider | INFO  | GS7470 西安 16:10 17:41
2019-06-28 17:08:45,437 | Spider | INFO  | <font color="red">机场[杭州萧山]航班号[GS7470]出发地[杭州萧山]目的地[西安]延误时间[91],不符合条件</font>
2019-06-28 17:08:45,484 | Spider | INFO  | <font color="green">[CZ3758]航班延误时间计算中...</font>
2019-06-28 17:08:45,689 | Spider | INFO  | CZ3758 南宁 16:20 17:19
2019-06-28 17:08:45,699 | Spider | INFO  | <font color="red">机场[杭州萧山]航班号[CZ3758]出发地[杭州萧山]目的地[南宁]延误时间[59],不符合条件</font>
2019-06-28 17:08:45,784 | Spider | INFO  | <font color="green">[FM9351]航班延误时间计算中...</font>
2019-06-28 17:08:45,982 | Spider | INFO  | FM9351 广州 16:35 17:32
2019-06-28 17:08:45,982 | Spider | INFO  | <font color="red">机场[杭州萧山]航班号[FM9351]出发地[杭州萧山]目的地[广州]延误时间[57],不符合条件</font>
2019-06-28 17:08:46,104 | Spider | INFO  | <font color="green">[CZ8190]航班延误时间计算中...</font>
2019-06-28 17:08:46,407 | Spider | INFO  | CZ8190 重庆 16:35 17:21
2019-06-28 17:08:46,408 | Spider | INFO  | <font color="red">机场[杭州萧山]航班号[CZ8190]出发地[杭州萧山]目的地[重庆]延误时间[46],不符合条件</font>
2019-06-28 17:08:46,481 | Spider | INFO  | <font color="green">[CZ6382]航班延误时间计算中...</font>
2019-06-28 17:08:49,519 | Spider | INFO  | CZ6382 贵阳 16:50 17:30
2019-06-28 17:08:49,519 | Spider | INFO  | <font color="red">机场[杭州萧山]航班号[CZ6382]出发地[杭州萧山]目的地[贵阳]延误时间[40],不符合条件</font>
2019-06-28 17:08:49,732 | Spider | INFO  | <font color="green">[JD5164]航班延误时间计算中...</font>
2019-06-28 17:08:50,019 | Spider | INFO  | JD5164 三亚 16:55 17:35
2019-06-28 17:08:50,019 | Spider | INFO  | <font color="red">机场[杭州萧山]航班号[JD5164]出发地[杭州萧山]目的地[三亚]延误时间[40],不符合条件</font>
2019-06-28 17:08:50,112 | Spider | INFO  | <font color="green">[MF8195]航班延误时间计算中...</font>
2019-06-28 17:08:50,367 | Spider | INFO  | MF8195 太原 17:00 17:35
2019-06-28 17:08:50,369 | Spider | INFO  | <font color="red">机场[杭州萧山]航班号[MF8195]出发地[杭州萧山]目的地[太原]延误时间[35],不符合条件</font>
2019-06-28 17:08:50,543 | Spider | INFO  | <font color="green">[NS3305]航班延误时间计算中...</font>
2019-06-28 17:08:50,849 | Spider | INFO  | NS3305 泉州 17:00 17:40
2019-06-28 17:08:50,854 | Spider | INFO  | <font color="red">机场[杭州萧山]航班号[NS3305]出发地[杭州萧山]目的地[泉州]延误时间[40],不符合条件</font>
2019-06-28 17:08:50,998 | Spider | INFO  | <font color="green">[MF8011]航班延误时间计算中...</font>
2019-06-28 17:08:51,342 | Spider | INFO  | MF8011 香港 17:15 19:16
2019-06-28 17:08:51,342 | Spider | INFO  | <font color="red">机场[杭州萧山]航班号[MF8011]出发地[杭州萧山]目的地[香港]延误时间[121],不符合条件</font>
2019-06-28 17:08:51,463 | Spider | INFO  | <font color="green">[HU7392]航班延误时间计算中...</font>
2019-06-28 17:08:51,916 | Spider | INFO  | HU7392 深圳 17:35 18:42
2019-06-28 17:08:51,917 | Spider | INFO  | <font color="red">机场[杭州萧山]航班号[HU7392]出发地[杭州萧山]目的地[深圳]延误时间[67],不符合条件</font>
2019-06-28 17:08:54,656 | Spider | INFO  | <font color="green">[UQ2586]航班延误时间计算中...</font>
2019-06-28 17:08:54,979 | Spider | INFO  | UQ2586 敦煌 18:25 19:40
2019-06-28 17:08:54,979 | Spider | INFO  | <font color="red">机场[杭州萧山]航班号[UQ2586]出发地[杭州萧山]目的地[敦煌]延误时间[75],不符合条件</font>
2019-06-28 17:08:55,077 | Spider | INFO  | <font color="green">[MF8026]航班延误时间计算中...</font>
2019-06-28 17:08:55,404 | Spider | INFO  | MF8026 长沙 18:30 19:00
2019-06-28 17:08:55,405 | Spider | INFO  | <font color="red">机场[杭州萧山]航班号[MF8026]出发地[杭州萧山]目的地[长沙]延误时间[30],不符合条件</font>
2019-06-28 17:08:55,526 | Spider | INFO  | <font color="green">[MU5242]航班延误时间计算中...</font>
2019-06-28 17:08:55,824 | Spider | INFO  | MU5242 太原 19:00 19:35
2019-06-28 17:08:55,824 | Spider | INFO  | <font color="red">机场[杭州萧山]航班号[MU5242]出发地[杭州萧山]目的地[太原]延误时间[35],不符合条件</font>
2019-06-28 17:08:55,825 | Spider | INFO  | 更新航班记录成功!
2019-06-28 17:08:55,825 | Spider | INFO  | 读取已处理航班记录成功!
2019-06-28 17:08:58,651 | Spider | INFO  | [重庆江北]：机场航班信息获取中...
2019-06-28 17:09:08,052 | Spider | INFO  | <font color="red">航班延误时间计算中,请稍后...</font>
2019-06-28 17:09:13,584 | Spider | INFO  | <font color="green">[HU7758]航班延误时间计算中...</font>
2019-06-28 17:09:13,849 | Spider | INFO  | HU7758 深圳 16:15 17:23
2019-06-28 17:09:13,850 | Spider | INFO  | <font color="red">机场[重庆江北]航班号[HU7758]出发地[重庆江北]目的地[深圳]延误时间[68],不符合条件</font>
2019-06-28 17:09:13,956 | Spider | INFO  | <font color="green">[CA1438]航班延误时间计算中...</font>
2019-06-28 17:09:14,227 | Spider | INFO  | CA1438 北京首都 16:20 19:20
2019-06-28 17:09:14,228 | Spider | INFO  | <font color="green">content:机场[重庆江北]航班号[CA1438]出发地[重庆江北]目的地[北京首都]延误时间[180]</font>
2019-06-28 17:09:14,628 | Spider | INFO  | <font color="green">[CZ3456]航班延误时间计算中...</font>
2019-06-28 17:09:14,804 | Spider | INFO  | CZ3456 深圳 16:35 17:20
2019-06-28 17:09:14,805 | Spider | INFO  | <font color="red">机场[重庆江北]航班号[CZ3456]出发地[重庆江北]目的地[深圳]延误时间[45],不符合条件</font>
2019-06-28 17:09:15,036 | Spider | INFO  | <font color="green">[G52785]航班延误时间计算中...</font>
2019-06-28 17:09:18,055 | Spider | INFO  | G52785 衢州 16:55 18:30
2019-06-28 17:09:18,056 | Spider | INFO  | <font color="red">机场[重庆江北]航班号[G52785]出发地[重庆江北]目的地[衢州]延误时间[95],不符合条件</font>
2019-06-28 17:09:18,143 | Spider | INFO  | <font color="green">[SC4731]航班延误时间计算中...</font>
2019-06-28 17:09:18,312 | Spider | INFO  | SC4731 上海虹桥 18:00 19:00
2019-06-28 17:09:18,313 | Spider | INFO  | <font color="red">机场[重庆江北]航班号[SC4731]出发地[重庆江北]目的地[上海虹桥]延误时间[60],不符合条件</font>
2019-06-28 17:09:18,404 | Spider | INFO  | <font color="green">[CZ3464]航班延误时间计算中...</font>
2019-06-28 17:09:18,595 | Spider | INFO  | CZ3464 广州 18:25 19:25
2019-06-28 17:09:18,596 | Spider | INFO  | <font color="red">机场[重庆江北]航班号[CZ3464]出发地[重庆江北]目的地[广州]延误时间[60],不符合条件</font>
2019-06-28 17:09:18,597 | Spider | INFO  | 更新航班记录成功!
2019-06-28 17:09:18,597 | Spider | INFO  | 读取已处理航班记录成功!
2019-06-28 17:09:21,392 | Spider | INFO  | [合肥新桥]：机场航班信息获取中...
2019-06-28 17:09:30,969 | Spider | INFO  | <font color="red">航班延误时间计算中,请稍后...</font>
2019-06-28 17:09:36,216 | Spider | INFO  | <font color="green">[E3826]航班延误时间计算中...</font>
2019-06-28 17:09:36,934 | Spider | INFO  | E3826 曼谷 13:00 17:38
2019-06-28 17:09:36,935 | Spider | INFO  | <font color="green">content:机场[合肥新桥]航班号[E3826]出发地[合肥新桥]目的地[曼谷]延误时间[278]</font>
2019-06-28 17:09:37,278 | Spider | INFO  | 机号为空跳过
2019-06-28 17:09:37,278 | Spider | INFO  | 机号为空跳过
2019-06-28 17:09:37,345 | Spider | INFO  | <font color="green">[HU7441]航班延误时间计算中...</font>
2019-06-28 17:09:37,465 | Spider | INFO  | HU7441 厦门 16:25 18:00
2019-06-28 17:09:37,466 | Spider | INFO  | <font color="red">机场[合肥新桥]航班号[HU7441]出发地[合肥新桥]目的地[厦门]延误时间[95],不符合条件</font>
2019-06-28 17:09:37,655 | Spider | INFO  | <font color="green">[9H8377]航班延误时间计算中...</font>
2019-06-28 17:09:40,516 | Spider | INFO  | 9H8377 台州 17:00 17:48
2019-06-28 17:09:40,517 | Spider | INFO  | <font color="red">机场[合肥新桥]航班号[9H8377]出发地[合肥新桥]目的地[台州]延误时间[48],不符合条件</font>
2019-06-28 17:09:40,555 | Spider | INFO  | <font color="green">[UQ2522]航班延误时间计算中...</font>
2019-06-28 17:09:40,900 | Spider | INFO  | UQ2522 兰州 18:20 19:00
2019-06-28 17:09:40,903 | Spider | INFO  | <font color="red">机场[合肥新桥]航班号[UQ2522]出发地[合肥新桥]目的地[兰州]延误时间[40],不符合条件</font>
2019-06-28 17:09:40,908 | Spider | INFO  | 更新航班记录成功!
2019-06-28 17:09:40,909 | Spider | INFO  | 读取已处理航班记录成功!
2019-06-28 17:09:43,785 | Spider | INFO  | [三亚凤凰]：机场航班信息获取中...
2019-06-28 17:09:51,710 | Spider | INFO  | <font color="red">航班延误时间计算中,请稍后...</font>
2019-06-28 17:09:56,509 | Spider | INFO  | 机号为空跳过
2019-06-28 17:09:56,585 | Spider | INFO  | <font color="green">[HU7280]航班延误时间计算中...</font>
2019-06-28 17:09:56,992 | Spider | INFO  | HU7280 北京首都 15:05 19:05
2019-06-28 17:09:56,993 | Spider | INFO  | <font color="green">content:机场[三亚凤凰]航班号[HU7280]出发地[三亚凤凰]目的地[北京首都]延误时间[240]</font>
2019-06-28 17:09:57,385 | Spider | INFO  | <font color="green">[EU2252]航班延误时间计算中...</font>
2019-06-28 17:09:57,516 | Spider | INFO  | EU2252 遵义 16:00 17:45
2019-06-28 17:09:57,517 | Spider | INFO  | <font color="red">机场[三亚凤凰]航班号[EU2252]出发地[三亚凤凰]目的地[遵义]延误时间[105],不符合条件</font>
2019-06-28 17:09:57,548 | Spider | INFO  | <font color="green">[HO1130]航班延误时间计算中...</font>
2019-06-28 17:09:57,808 | Spider | INFO  | HO1130 上海虹桥 16:40 17:14
2019-06-28 17:09:57,810 | Spider | INFO  | <font color="red">机场[三亚凤凰]航班号[HO1130]出发地[三亚凤凰]目的地[上海虹桥]延误时间[34],不符合条件</font>
2019-06-28 17:09:57,811 | Spider | INFO  | 更新航班记录成功!
2019-06-28 17:09:57,812 | Spider | INFO  | 读取已处理航班记录成功!
2019-06-28 17:10:03,875 | Spider | INFO  | [合肥新桥]机场已处理
2019-06-28 17:10:04,973 | Spider | INFO  | [三亚凤凰]机场已处理
2019-06-28 17:10:06,016 | Spider | INFO  | [兰州中川]：机场航班信息获取中...
2019-06-28 17:10:14,406 | Spider | INFO  | <font color="red">航班延误时间计算中,请稍后...</font>
2019-06-28 17:10:25,862 | Spider | INFO  | <font color="green">[CZ3664]航班延误时间计算中...</font>
2019-06-28 17:10:26,395 | Spider | INFO  | CZ3664 武汉 15:35 17:28
2019-06-28 17:10:26,396 | Spider | INFO  | <font color="red">机场[兰州中川]航班号[CZ3664]出发地[兰州中川]目的地[武汉]延误时间[113],不符合条件</font>
2019-06-28 17:10:28,913 | Spider | INFO  | <font color="green">[TV9837]航班延误时间计算中...</font>
2019-06-28 17:10:29,196 | Spider | INFO  | TV9837 石家庄 15:45 18:45
2019-06-28 17:10:29,196 | Spider | INFO  | <font color="green">content:机场[兰州中川]航班号[TV9837]出发地[兰州中川]目的地[石家庄]延误时间[180]</font>
2019-06-28 17:10:29,608 | Spider | INFO  | <font color="green">[MF8246]航班延误时间计算中...</font>
2019-06-28 17:10:29,714 | Spider | INFO  | MF8246 南京 16:00 17:24
2019-06-28 17:10:29,715 | Spider | INFO  | <font color="red">机场[兰州中川]航班号[MF8246]出发地[兰州中川]目的地[南京]延误时间[84],不符合条件</font>
2019-06-28 17:10:29,788 | Spider | INFO  | <font color="green">[UQ2535]航班延误时间计算中...</font>
2019-06-28 17:10:29,907 | Spider | INFO  | UQ2535 连云港 16:05 17:24
2019-06-28 17:10:29,908 | Spider | INFO  | <font color="red">机场[兰州中川]航班号[UQ2535]出发地[兰州中川]目的地[连云港]延误时间[79],不符合条件</font>
2019-06-28 17:10:29,999 | Spider | INFO  | <font color="green">[3U8170]航班延误时间计算中...</font>
2019-06-28 17:10:30,171 | Spider | INFO  | 3U8170 杭州 16:10 17:30
2019-06-28 17:10:30,172 | Spider | INFO  | <font color="red">机场[兰州中川]航班号[3U8170]出发地[兰州中川]目的地[杭州]延误时间[80],不符合条件</font>
2019-06-28 17:10:30,207 | Spider | INFO  | <font color="green">[MF8210]航班延误时间计算中...</font>
2019-06-28 17:10:30,329 | Spider | INFO  | MF8210 天津 16:15 19:16
2019-06-28 17:10:30,330 | Spider | INFO  | <font color="green">content:机场[兰州中川]航班号[MF8210]出发地[兰州中川]目的地[天津]延误时间[181]</font>
2019-06-28 17:10:30,831 | Spider | INFO  | <font color="green">[EU2271]航班延误时间计算中...</font>
2019-06-28 17:10:30,984 | Spider | INFO  | EU2271 张掖 16:30 17:30
2019-06-28 17:10:30,984 | Spider | INFO  | <font color="red">机场[兰州中川]航班号[EU2271]出发地[兰州中川]目的地[张掖]延误时间[60],不符合条件</font>
2019-06-28 17:10:31,032 | Spider | INFO  | <font color="green">[QW6061]航班延误时间计算中...</font>
2019-06-28 17:10:31,211 | Spider | INFO  | QW6061 福州 16:40 17:38
2019-06-28 17:10:31,212 | Spider | INFO  | <font color="red">机场[兰州中川]航班号[QW6061]出发地[兰州中川]目的地[福州]延误时间[58],不符合条件</font>
2019-06-28 17:10:31,371 | Spider | INFO  | <font color="green">[CZ6618]航班延误时间计算中...</font>
2019-06-28 17:10:34,103 | Spider | INFO  | CZ6618 武汉 17:55 19:08
2019-06-28 17:10:34,104 | Spider | INFO  | <font color="red">机场[兰州中川]航班号[CZ6618]出发地[兰州中川]目的地[武汉]延误时间[73],不符合条件</font>
2019-06-28 17:10:34,142 | Spider | INFO  | [9C6223]航班9C or AQ开头 跳过
2019-06-28 17:10:34,192 | Spider | INFO  | <font color="green">[A67142]航班延误时间计算中...</font>
2019-06-28 17:10:34,520 | Spider | INFO  | A67142 南昌 18:50 20:00
2019-06-28 17:10:34,520 | Spider | INFO  | <font color="red">机场[兰州中川]航班号[A67142]出发地[兰州中川]目的地[南昌]延误时间[70],不符合条件</font>
2019-06-28 17:10:34,583 | Spider | INFO  | <font color="green">[HO1114]航班延误时间计算中...</font>
2019-06-28 17:10:34,833 | Spider | INFO  | HO1114 池州 18:55 20:44
2019-06-28 17:10:34,834 | Spider | INFO  | <font color="red">机场[兰州中川]航班号[HO1114]出发地[兰州中川]目的地[池州]延误时间[109],不符合条件</font>
2019-06-28 17:10:34,951 | Spider | INFO  | <font color="green">[TV9838]航班延误时间计算中...</font>
2019-06-28 17:10:35,291 | Spider | INFO  | TV9838 拉萨 21:25 23:30
2019-06-28 17:10:35,291 | Spider | INFO  | <font color="red">机场[兰州中川]航班号[TV9838]出发地[兰州中川]目的地[拉萨]延误时间[125],不符合条件</font>
2019-06-28 17:10:35,293 | Spider | INFO  | 更新航班记录成功!
2019-06-28 17:10:35,294 | Spider | INFO  | 读取已处理航班记录成功!
2019-06-28 17:10:38,096 | Spider | INFO  | [太原武宿]：机场航班信息获取中...
2019-06-28 17:10:45,900 | Spider | INFO  | <font color="red">航班延误时间计算中,请稍后...</font>
2019-06-28 17:10:56,101 | Spider | INFO  | <font color="green">[HU7573]航班延误时间计算中...</font>
2019-06-28 17:10:56,363 | Spider | INFO  | HU7573 长沙 16:25 17:25
2019-06-28 17:10:56,364 | Spider | INFO  | <font color="red">机场[太原武宿]航班号[HU7573]出发地[太原武宿]目的地[长沙]延误时间[60],不符合条件</font>
2019-06-28 17:10:56,466 | Spider | INFO  | <font color="green">[3U8849]航班延误时间计算中...</font>
2019-06-28 17:10:56,699 | Spider | INFO  | 3U8849 沈阳 16:25 17:23
2019-06-28 17:10:56,700 | Spider | INFO  | <font color="red">机场[太原武宿]航班号[3U8849]出发地[太原武宿]目的地[沈阳]延误时间[58],不符合条件</font>
2019-06-28 17:10:56,848 | Spider | INFO  | <font color="green">[MU2406]航班延误时间计算中...</font>
2019-06-28 17:10:57,059 | Spider | INFO  | MU2406 上海虹桥 17:20 19:58
2019-06-28 17:10:57,060 | Spider | INFO  | <font color="green">content:机场[太原武宿]航班号[MU2406]出发地[太原武宿]目的地[上海虹桥]延误时间[158]</font>
2019-06-28 17:10:57,462 | Spider | INFO  | <font color="green">[ZH8562]航班延误时间计算中...</font>
2019-06-28 17:10:57,857 | Spider | INFO  | ZH8562 南京 17:45 19:22
2019-06-28 17:10:57,857 | Spider | INFO  | <font color="red">机场[太原武宿]航班号[ZH8562]出发地[太原武宿]目的地[南京]延误时间[97],不符合条件</font>
2019-06-28 17:11:00,582 | Spider | INFO  | <font color="green">[MU5323]航班延误时间计算中...</font>
2019-06-28 17:11:00,820 | Spider | INFO  | MU5323 银川 17:45 18:30
2019-06-28 17:11:00,822 | Spider | INFO  | <font color="red">机场[太原武宿]航班号[MU5323]出发地[太原武宿]目的地[银川]延误时间[45],不符合条件</font>
2019-06-28 17:11:00,877 | Spider | INFO  | <font color="green">[MU2771]航班延误时间计算中...</font>
2019-06-28 17:11:01,146 | Spider | INFO  | MU2771 乌鲁木齐 18:00 20:00
2019-06-28 17:11:01,147 | Spider | INFO  | <font color="red">机场[太原武宿]航班号[MU2771]出发地[太原武宿]目的地[乌鲁木齐]延误时间[120],不符合条件</font>
2019-06-28 17:11:01,195 | Spider | INFO  | [9C8734]航班9C or AQ开头 跳过
2019-06-28 17:11:01,266 | Spider | INFO  | <font color="green">[CA1992]航班延误时间计算中...</font>
2019-06-28 17:11:01,524 | Spider | INFO  | CA1992 温州 18:55 20:16
2019-06-28 17:11:01,525 | Spider | INFO  | <font color="red">机场[太原武宿]航班号[CA1992]出发地[太原武宿]目的地[温州]延误时间[81],不符合条件</font>
2019-06-28 17:11:01,558 | Spider | INFO  | <font color="green">[FU6624]航班延误时间计算中...</font>
2019-06-28 17:11:01,801 | Spider | INFO  | FU6624 南通 19:15 21:00
2019-06-28 17:11:01,802 | Spider | INFO  | <font color="red">机场[太原武宿]航班号[FU6624]出发地[太原武宿]目的地[南通]延误时间[105],不符合条件</font>
2019-06-28 17:11:01,961 | Spider | INFO  | <font color="green">[KY3021]航班延误时间计算中...</font>
2019-06-28 17:11:02,243 | Spider | INFO  | KY3021 大同 19:25 21:40
2019-06-28 17:11:02,243 | Spider | INFO  | <font color="red">机场[太原武宿]航班号[KY3021]出发地[太原武宿]目的地[大同]延误时间[135],不符合条件</font>
2019-06-28 17:11:02,278 | Spider | INFO  | <font color="green">[HU7880]航班延误时间计算中...</font>
2019-06-28 17:11:02,523 | Spider | INFO  | HU7880 乌鲁木齐 20:20 21:40
2019-06-28 17:11:02,523 | Spider | INFO  | <font color="red">机场[太原武宿]航班号[HU7880]出发地[太原武宿]目的地[乌鲁木齐]延误时间[80],不符合条件</font>
2019-06-28 17:11:02,598 | Spider | INFO  | <font color="green">[KY3022]航班延误时间计算中...</font>
2019-06-28 17:11:05,549 | Spider | INFO  | KY3022 长沙 22:50 23:59
2019-06-28 17:11:05,551 | Spider | INFO  | <font color="red">机场[太原武宿]航班号[KY3022]出发地[太原武宿]目的地[长沙]延误时间[69],不符合条件</font>
2019-06-28 17:11:05,552 | Spider | INFO  | 更新航班记录成功!
2019-06-28 17:11:05,553 | Spider | INFO  | 读取已处理航班记录成功!
2019-06-28 17:11:08,450 | Spider | INFO  | [天津滨海]：机场航班信息获取中...
