Watching for file changes with StatReloader
Performing system checks...

System check identified no issues (0 silenced).
December 08, 2019 - 12:45:15
Django version 2.2.7, using settings 'Django_web.settings'
Starting development server at http://0.0.0.0:8000/
Quit the server with CONTROL-C.
Watching for file changes with StatReloader
Watching for file changes with StatReloader
Traceback (most recent call last):
  File "manage.py", line 21, in <module>
    main()
  File "manage.py", line 10, in main
    from django.core.management import execute_from_command_line
  File "/usr/local/lib64/python3.6/site-packages/django/__init__.py", line 1, in <module>
    from django.utils.version import get_version
  File "/usr/local/lib64/python3.6/site-packages/django/utils/version.py", line 1, in <module>
    import datetime
  File "/usr/lib64/python3.6/datetime.py", line 7, in <module>
    import time as _time
KeyboardInterrupt
Performing system checks...

System check identified no issues (0 silenced).
December 08, 2019 - 12:47:58
Django version 2.2.7, using settings 'Django_web.settings'
Starting development server at http://0.0.0.0:8000/
Quit the server with CONTROL-C.
Watching for file changes with StatReloader
[08/Dec/2019 13:00:38] "GET /alipay/872dc84414ca11ea9aec28d2447ab54e HTTP/1.1" 200 4857
[08/Dec/2019 13:00:38] "GET /static/js/ie/3.7.3/html5shiv.min.js HTTP/1.1" 404 1708
[08/Dec/2019 13:00:49] "GET /alipay/872dc84414ca11ea9aec28d2447ab54e HTTP/1.1" 200 4857
[08/Dec/2019 13:00:49] "GET /static/js/ie/3.7.3/html5shiv.min.js HTTP/1.1" 404 1708
